2016-12-14T07:57:22-08:00 INFO (6): Start Update at 12/14/2016 07:57 am
2016-12-14T07:57:22-08:00 INFO (6): Working on moudule Acl
2016-12-14T07:57:22-08:00 INFO (6): Saved moudule Acl
2016-12-14T07:57:22-08:00 INFO (6): Install database file: /var/www/html/camper.pacificnm.com/module/AclResource/sql/acl_resource.sql
2016-12-14T07:57:22-08:00 INFO (6): Install database file: /var/www/html/camper.pacificnm.com/module/AclRole/sql/acl_role.sql
2016-12-14T07:57:22-08:00 INFO (6): Install database file: /var/www/html/camper.pacificnm.com/module/Acl/sql/acl.sql
2016-12-14T07:57:22-08:00 INFO (6): Working on moudule AclResource
2016-12-14T07:57:22-08:00 INFO (6): Saved moudule AclResource
2016-12-14T07:57:22-08:00 INFO (6): Install database file: /var/www/html/camper.pacificnm.com/module/AclResource/sql/acl_resource.sql
2016-12-14T07:57:22-08:00 INFO (6): Working on moudule AclRole
2016-12-14T07:57:22-08:00 INFO (6): Saved moudule AclRole
2016-12-14T07:57:22-08:00 INFO (6): Install database file: /var/www/html/camper.pacificnm.com/module/AclRole/sql/acl_role.sql
2016-12-14T07:57:22-08:00 INFO (6): Working on moudule Admin
2016-12-14T07:57:22-08:00 INFO (6): Saved moudule Admin
2016-12-14T07:57:22-08:00 INFO (6): Working on moudule Application
2016-12-14T07:57:22-08:00 INFO (6): Saved moudule Application
2016-12-14T07:57:22-08:00 INFO (6): Working on moudule Auth
2016-12-14T07:57:22-08:00 INFO (6): Saved moudule Auth
2016-12-14T07:57:22-08:00 INFO (6): Install database file: /var/www/html/camper.pacificnm.com/module/Auth/sql/auth.sql
2016-12-14T07:57:22-08:00 INFO (6): Working on moudule Battery
2016-12-14T07:57:22-08:00 INFO (6): Saved moudule Battery
2016-12-14T07:57:22-08:00 ERR (3): Failed to open /var/www/html/camper.pacificnm.com/module/Battery/sql/battery.sql
2016-12-14T07:57:22-08:00 INFO (6): Working on moudule Config
2016-12-14T07:57:22-08:00 INFO (6): Saved moudule Config
2016-12-14T07:57:22-08:00 INFO (6): Install database file: /var/www/html/camper.pacificnm.com/module/Config/sql/config.sql
2016-12-14T07:57:22-08:00 INFO (6): Working on moudule Cron
2016-12-14T07:57:22-08:00 INFO (6): Saved moudule Cron
2016-12-14T07:57:22-08:00 INFO (6): Install database file: /var/www/html/camper.pacificnm.com/module/Cron/sql/cron.sql
2016-12-14T07:57:23-08:00 INFO (6): Working on moudule Install
2016-12-14T07:57:23-08:00 INFO (6): Saved moudule Install
2016-12-14T07:57:23-08:00 INFO (6): Working on moudule Load
2016-12-14T07:57:23-08:00 INFO (6): Saved moudule Load
2016-12-14T07:57:23-08:00 ERR (3): Failed to open /var/www/html/camper.pacificnm.com/module/Load/sql/load.sql
2016-12-14T07:57:23-08:00 INFO (6): Working on moudule Menu
2016-12-14T07:57:23-08:00 INFO (6): Saved moudule Menu
2016-12-14T07:57:23-08:00 INFO (6): Install database file: /var/www/html/camper.pacificnm.com/module/Menu/sql/menu.sql
2016-12-14T07:57:23-08:00 INFO (6): Working on moudule MenuItem
2016-12-14T07:57:23-08:00 INFO (6): Saved moudule MenuItem
2016-12-14T07:57:23-08:00 ERR (3): Failed to open /var/www/html/camper.pacificnm.com/module/MenuItem/sql/menu_item.sql
2016-12-14T07:57:23-08:00 INFO (6): Working on moudule Module
2016-12-14T07:57:23-08:00 INFO (6): Saved moudule Module
2016-12-14T07:57:23-08:00 INFO (6): Install database file: /var/www/html/camper.pacificnm.com/module/Module/sql/module.sql
2016-12-14T07:57:23-08:00 INFO (6): Working on moudule Page
2016-12-14T07:57:23-08:00 INFO (6): Saved moudule Page
2016-12-14T07:57:23-08:00 INFO (6): Install database file: /var/www/html/camper.pacificnm.com/module/Page/sql/page.sql
2016-12-14T07:57:23-08:00 INFO (6): Working on moudule Solar
2016-12-14T07:57:23-08:00 INFO (6): Saved moudule Solar
2016-12-14T07:57:23-08:00 INFO (6): Working on moudule Update
2016-12-14T07:57:23-08:00 INFO (6): Done with database updates
2016-12-14T07:57:23-08:00 INFO (6): Install ACLS
2016-12-14T07:57:23-08:00 INFO (6): Done installing ACLS
2016-12-14T07:57:23-08:00 INFO (6): Install Pages
2016-12-14T07:57:23-08:00 INFO (6): Install Menu
2016-12-14T07:57:23-08:00 INFO (6): Completed Installing Menu
2016-12-14T07:57:23-08:00 INFO (6): Done with module updates
2016-12-14T07:57:23-08:00 INFO (6): Comleted Update at 12/14/2016 07:57 am
2016-12-14T08:02:11-08:00 INFO (6): Start Update at 12/14/2016 08:02 am
2016-12-14T08:02:11-08:00 INFO (6): Working on moudule Acl
2016-12-14T08:02:11-08:00 INFO (6): Install database file: /var/www/html/camper.pacificnm.com/module/AclResource/sql/acl_resource.sql
2016-12-14T08:02:11-08:00 INFO (6): Install database file: /var/www/html/camper.pacificnm.com/module/AclRole/sql/acl_role.sql
2016-12-14T08:02:11-08:00 INFO (6): Install database file: /var/www/html/camper.pacificnm.com/module/Acl/sql/acl.sql
2016-12-14T08:02:11-08:00 INFO (6): Working on moudule AclResource
2016-12-14T08:02:11-08:00 INFO (6): Install database file: /var/www/html/camper.pacificnm.com/module/AclResource/sql/acl_resource.sql
2016-12-14T08:02:11-08:00 INFO (6): Working on moudule AclRole
2016-12-14T08:02:11-08:00 INFO (6): Install database file: /var/www/html/camper.pacificnm.com/module/AclRole/sql/acl_role.sql
2016-12-14T08:02:11-08:00 INFO (6): Working on moudule Admin
2016-12-14T08:02:11-08:00 INFO (6): Working on moudule Application
2016-12-14T08:02:11-08:00 INFO (6): Working on moudule Auth
2016-12-14T08:02:11-08:00 INFO (6): Install database file: /var/www/html/camper.pacificnm.com/module/Auth/sql/auth.sql
2016-12-14T08:02:11-08:00 INFO (6): Working on moudule Battery
2016-12-14T08:02:11-08:00 ERR (3): Failed to open /var/www/html/camper.pacificnm.com/module/Battery/sql/battery.sql
2016-12-14T08:02:11-08:00 INFO (6): Working on moudule Config
2016-12-14T08:02:11-08:00 INFO (6): Install database file: /var/www/html/camper.pacificnm.com/module/Config/sql/config.sql
2016-12-14T08:02:11-08:00 INFO (6): Working on moudule Cron
2016-12-14T08:02:11-08:00 INFO (6): Install database file: /var/www/html/camper.pacificnm.com/module/Cron/sql/cron.sql
2016-12-14T08:02:11-08:00 INFO (6): Working on moudule Install
2016-12-14T08:02:11-08:00 INFO (6): Working on moudule Load
2016-12-14T08:02:11-08:00 ERR (3): Failed to open /var/www/html/camper.pacificnm.com/module/Load/sql/load.sql
2016-12-14T08:02:11-08:00 INFO (6): Working on moudule Menu
2016-12-14T08:02:11-08:00 INFO (6): Install database file: /var/www/html/camper.pacificnm.com/module/Menu/sql/menu.sql
2016-12-14T08:02:11-08:00 INFO (6): Working on moudule MenuItem
2016-12-14T08:02:11-08:00 ERR (3): Failed to open /var/www/html/camper.pacificnm.com/module/MenuItem/sql/menu_item.sql
2016-12-14T08:02:11-08:00 INFO (6): Working on moudule Module
2016-12-14T08:02:11-08:00 INFO (6): Install database file: /var/www/html/camper.pacificnm.com/module/Module/sql/module.sql
2016-12-14T08:02:11-08:00 INFO (6): Working on moudule Page
2016-12-14T08:02:11-08:00 INFO (6): Install database file: /var/www/html/camper.pacificnm.com/module/Page/sql/page.sql
2016-12-14T08:02:11-08:00 INFO (6): Working on moudule Solar
2016-12-14T08:02:11-08:00 INFO (6): Working on moudule Update
2016-12-14T08:02:11-08:00 INFO (6): Done with database updates
2016-12-14T08:02:11-08:00 INFO (6): Install ACLS
2016-12-14T08:02:11-08:00 INFO (6): Done installing ACLS
2016-12-14T08:02:11-08:00 INFO (6): Install Pages
2016-12-14T08:02:11-08:00 INFO (6): Install Menu
2016-12-14T08:02:34-08:00 INFO (6): Start Update at 12/14/2016 08:02 am
2016-12-14T08:02:34-08:00 INFO (6): Working on moudule Acl
2016-12-14T08:02:34-08:00 INFO (6): Install database file: /var/www/html/camper.pacificnm.com/module/AclResource/sql/acl_resource.sql
2016-12-14T08:02:34-08:00 INFO (6): Install database file: /var/www/html/camper.pacificnm.com/module/AclRole/sql/acl_role.sql
2016-12-14T08:02:34-08:00 INFO (6): Install database file: /var/www/html/camper.pacificnm.com/module/Acl/sql/acl.sql
2016-12-14T08:02:34-08:00 INFO (6): Working on moudule AclResource
2016-12-14T08:02:34-08:00 INFO (6): Install database file: /var/www/html/camper.pacificnm.com/module/AclResource/sql/acl_resource.sql
2016-12-14T08:02:34-08:00 INFO (6): Working on moudule AclRole
2016-12-14T08:02:34-08:00 INFO (6): Install database file: /var/www/html/camper.pacificnm.com/module/AclRole/sql/acl_role.sql
2016-12-14T08:02:34-08:00 INFO (6): Working on moudule Admin
2016-12-14T08:02:34-08:00 INFO (6): Working on moudule Application
2016-12-14T08:02:34-08:00 INFO (6): Working on moudule Auth
2016-12-14T08:02:34-08:00 INFO (6): Install database file: /var/www/html/camper.pacificnm.com/module/Auth/sql/auth.sql
2016-12-14T08:02:34-08:00 INFO (6): Working on moudule Battery
2016-12-14T08:02:34-08:00 ERR (3): Failed to open /var/www/html/camper.pacificnm.com/module/Battery/sql/battery.sql
2016-12-14T08:02:34-08:00 INFO (6): Working on moudule Config
2016-12-14T08:02:34-08:00 INFO (6): Install database file: /var/www/html/camper.pacificnm.com/module/Config/sql/config.sql
2016-12-14T08:02:34-08:00 INFO (6): Working on moudule Cron
2016-12-14T08:02:34-08:00 INFO (6): Install database file: /var/www/html/camper.pacificnm.com/module/Cron/sql/cron.sql
2016-12-14T08:02:34-08:00 INFO (6): Working on moudule Install
2016-12-14T08:02:34-08:00 INFO (6): Working on moudule Load
2016-12-14T08:02:34-08:00 ERR (3): Failed to open /var/www/html/camper.pacificnm.com/module/Load/sql/load.sql
2016-12-14T08:02:34-08:00 INFO (6): Working on moudule Menu
2016-12-14T08:02:34-08:00 INFO (6): Install database file: /var/www/html/camper.pacificnm.com/module/Menu/sql/menu.sql
2016-12-14T08:02:34-08:00 INFO (6): Working on moudule MenuItem
2016-12-14T08:02:34-08:00 ERR (3): Failed to open /var/www/html/camper.pacificnm.com/module/MenuItem/sql/menu_item.sql
2016-12-14T08:02:34-08:00 INFO (6): Working on moudule Module
2016-12-14T08:02:34-08:00 INFO (6): Install database file: /var/www/html/camper.pacificnm.com/module/Module/sql/module.sql
2016-12-14T08:02:34-08:00 INFO (6): Working on moudule Page
2016-12-14T08:02:34-08:00 INFO (6): Install database file: /var/www/html/camper.pacificnm.com/module/Page/sql/page.sql
2016-12-14T08:02:34-08:00 INFO (6): Working on moudule Solar
2016-12-14T08:02:34-08:00 INFO (6): Working on moudule Update
2016-12-14T08:02:34-08:00 INFO (6): Done with database updates
2016-12-14T08:02:34-08:00 INFO (6): Install ACLS
2016-12-14T08:02:34-08:00 INFO (6): Done installing ACLS
2016-12-14T08:02:34-08:00 INFO (6): Install Pages
2016-12-14T08:02:34-08:00 INFO (6): Install Menu
2016-12-14T08:02:34-08:00 INFO (6): Completed Installing Menu
2016-12-14T08:02:34-08:00 INFO (6): Done with module updates
2016-12-14T08:02:34-08:00 INFO (6): Comleted Update at 12/14/2016 08:02 am
2016-12-14T08:06:29-08:00 INFO (6): Start Update at 12/14/2016 08:06 am
2016-12-14T08:06:29-08:00 INFO (6): Working on moudule Acl
2016-12-14T08:06:29-08:00 INFO (6): Install database file: /var/www/html/camper.pacificnm.com/module/AclResource/sql/acl_resource.sql
2016-12-14T08:06:29-08:00 INFO (6): Install database file: /var/www/html/camper.pacificnm.com/module/AclRole/sql/acl_role.sql
2016-12-14T08:06:29-08:00 INFO (6): Install database file: /var/www/html/camper.pacificnm.com/module/Acl/sql/acl.sql
2016-12-14T08:06:29-08:00 INFO (6): Working on moudule AclResource
2016-12-14T08:06:29-08:00 INFO (6): Install database file: /var/www/html/camper.pacificnm.com/module/AclResource/sql/acl_resource.sql
2016-12-14T08:06:29-08:00 INFO (6): Working on moudule AclRole
2016-12-14T08:06:29-08:00 INFO (6): Install database file: /var/www/html/camper.pacificnm.com/module/AclRole/sql/acl_role.sql
2016-12-14T08:06:29-08:00 INFO (6): Working on moudule Admin
2016-12-14T08:06:29-08:00 INFO (6): Working on moudule Application
2016-12-14T08:06:29-08:00 INFO (6): Working on moudule Auth
2016-12-14T08:06:29-08:00 INFO (6): Install database file: /var/www/html/camper.pacificnm.com/module/Auth/sql/auth.sql
2016-12-14T08:06:29-08:00 INFO (6): Working on moudule Battery
2016-12-14T08:06:29-08:00 ERR (3): Failed to open /var/www/html/camper.pacificnm.com/module/Battery/sql/battery.sql
2016-12-14T08:06:29-08:00 INFO (6): Working on moudule Config
2016-12-14T08:06:29-08:00 INFO (6): Install database file: /var/www/html/camper.pacificnm.com/module/Config/sql/config.sql
2016-12-14T08:06:29-08:00 INFO (6): Working on moudule Cron
2016-12-14T08:06:29-08:00 INFO (6): Install database file: /var/www/html/camper.pacificnm.com/module/Cron/sql/cron.sql
2016-12-14T08:06:29-08:00 INFO (6): Working on moudule Install
2016-12-14T08:06:29-08:00 INFO (6): Working on moudule Load
2016-12-14T08:06:29-08:00 ERR (3): Failed to open /var/www/html/camper.pacificnm.com/module/Load/sql/load.sql
2016-12-14T08:06:29-08:00 INFO (6): Working on moudule Menu
2016-12-14T08:06:29-08:00 INFO (6): Install database file: /var/www/html/camper.pacificnm.com/module/Menu/sql/menu.sql
2016-12-14T08:06:29-08:00 INFO (6): Working on moudule MenuItem
2016-12-14T08:06:29-08:00 ERR (3): Failed to open /var/www/html/camper.pacificnm.com/module/MenuItem/sql/menu_item.sql
2016-12-14T08:06:29-08:00 INFO (6): Working on moudule Module
2016-12-14T08:06:29-08:00 INFO (6): Install database file: /var/www/html/camper.pacificnm.com/module/Module/sql/module.sql
2016-12-14T08:06:29-08:00 INFO (6): Working on moudule Page
2016-12-14T08:06:29-08:00 INFO (6): Install database file: /var/www/html/camper.pacificnm.com/module/Page/sql/page.sql
2016-12-14T08:06:29-08:00 INFO (6): Working on moudule Solar
2016-12-14T08:06:29-08:00 INFO (6): Working on moudule Update
2016-12-14T08:06:29-08:00 INFO (6): Done with database updates
2016-12-14T08:06:29-08:00 INFO (6): Install ACLS
2016-12-14T08:06:29-08:00 INFO (6): Done installing ACLS
2016-12-14T08:06:29-08:00 INFO (6): Install Pages
2016-12-14T08:06:29-08:00 INFO (6): Install Menu
2016-12-14T08:06:29-08:00 INFO (6): Completed Installing Menu
2016-12-14T08:06:29-08:00 INFO (6): Done with module updates
2016-12-14T08:06:29-08:00 INFO (6): Comleted Update at 12/14/2016 08:06 am
2016-12-14T08:07:44-08:00 INFO (6): Start Update at 12/14/2016 08:07 am
2016-12-14T08:07:44-08:00 INFO (6): Working on moudule Acl
2016-12-14T08:07:44-08:00 INFO (6): Install database file: /var/www/html/camper.pacificnm.com/module/AclResource/sql/acl_resource.sql
2016-12-14T08:07:44-08:00 INFO (6): Install database file: /var/www/html/camper.pacificnm.com/module/AclRole/sql/acl_role.sql
2016-12-14T08:07:44-08:00 INFO (6): Install database file: /var/www/html/camper.pacificnm.com/module/Acl/sql/acl.sql
2016-12-14T08:07:44-08:00 INFO (6): Working on moudule AclResource
2016-12-14T08:07:44-08:00 INFO (6): Install database file: /var/www/html/camper.pacificnm.com/module/AclResource/sql/acl_resource.sql
2016-12-14T08:07:44-08:00 INFO (6): Working on moudule AclRole
2016-12-14T08:07:44-08:00 INFO (6): Install database file: /var/www/html/camper.pacificnm.com/module/AclRole/sql/acl_role.sql
2016-12-14T08:07:44-08:00 INFO (6): Working on moudule Admin
2016-12-14T08:07:44-08:00 INFO (6): Working on moudule Application
2016-12-14T08:07:44-08:00 INFO (6): Working on moudule Auth
2016-12-14T08:07:44-08:00 INFO (6): Install database file: /var/www/html/camper.pacificnm.com/module/Auth/sql/auth.sql
2016-12-14T08:07:44-08:00 INFO (6): Working on moudule Battery
2016-12-14T08:07:44-08:00 ERR (3): Failed to open /var/www/html/camper.pacificnm.com/module/Battery/sql/battery.sql
2016-12-14T08:07:44-08:00 INFO (6): Working on moudule Config
2016-12-14T08:07:44-08:00 INFO (6): Install database file: /var/www/html/camper.pacificnm.com/module/Config/sql/config.sql
2016-12-14T08:07:44-08:00 INFO (6): Working on moudule Cron
2016-12-14T08:07:44-08:00 INFO (6): Install database file: /var/www/html/camper.pacificnm.com/module/Cron/sql/cron.sql
2016-12-14T08:07:44-08:00 INFO (6): Working on moudule Install
2016-12-14T08:07:44-08:00 INFO (6): Working on moudule Load
2016-12-14T08:07:44-08:00 ERR (3): Failed to open /var/www/html/camper.pacificnm.com/module/Load/sql/load.sql
2016-12-14T08:07:44-08:00 INFO (6): Working on moudule Menu
2016-12-14T08:07:44-08:00 INFO (6): Install database file: /var/www/html/camper.pacificnm.com/module/Menu/sql/menu.sql
2016-12-14T08:07:44-08:00 INFO (6): Working on moudule MenuItem
2016-12-14T08:07:44-08:00 ERR (3): Failed to open /var/www/html/camper.pacificnm.com/module/MenuItem/sql/menu_item.sql
2016-12-14T08:07:44-08:00 INFO (6): Working on moudule Module
2016-12-14T08:07:44-08:00 INFO (6): Install database file: /var/www/html/camper.pacificnm.com/module/Module/sql/module.sql
2016-12-14T08:07:44-08:00 INFO (6): Working on moudule Page
2016-12-14T08:07:44-08:00 INFO (6): Install database file: /var/www/html/camper.pacificnm.com/module/Page/sql/page.sql
2016-12-14T08:07:44-08:00 INFO (6): Working on moudule Solar
2016-12-14T08:07:44-08:00 INFO (6): Working on moudule Update
2016-12-14T08:07:44-08:00 INFO (6): Done with database updates
2016-12-14T08:07:44-08:00 INFO (6): Install ACLS
2016-12-14T08:07:45-08:00 INFO (6): Done installing ACLS
2016-12-14T08:07:45-08:00 INFO (6): Install Pages
2016-12-14T08:07:45-08:00 INFO (6): Install Menu
2016-12-14T08:07:45-08:00 INFO (6): Completed Installing Menu
2016-12-14T08:07:45-08:00 INFO (6): Done with module updates
2016-12-14T08:07:45-08:00 INFO (6): Comleted Update at 12/14/2016 08:07 am
2016-12-14T08:08:33-08:00 INFO (6): Start Update at 12/14/2016 08:08 am
2016-12-14T08:08:33-08:00 INFO (6): Working on moudule Acl
2016-12-14T08:08:33-08:00 INFO (6): Install database file: /var/www/html/camper.pacificnm.com/module/AclResource/sql/acl_resource.sql
2016-12-14T08:08:33-08:00 INFO (6): Install database file: /var/www/html/camper.pacificnm.com/module/AclRole/sql/acl_role.sql
2016-12-14T08:08:33-08:00 INFO (6): Install database file: /var/www/html/camper.pacificnm.com/module/Acl/sql/acl.sql
2016-12-14T08:08:33-08:00 INFO (6): Working on moudule AclResource
2016-12-14T08:08:33-08:00 INFO (6): Install database file: /var/www/html/camper.pacificnm.com/module/AclResource/sql/acl_resource.sql
2016-12-14T08:08:33-08:00 INFO (6): Working on moudule AclRole
2016-12-14T08:08:33-08:00 INFO (6): Install database file: /var/www/html/camper.pacificnm.com/module/AclRole/sql/acl_role.sql
2016-12-14T08:08:33-08:00 INFO (6): Working on moudule Admin
2016-12-14T08:08:33-08:00 INFO (6): Working on moudule Application
2016-12-14T08:08:33-08:00 INFO (6): Working on moudule Auth
2016-12-14T08:08:33-08:00 INFO (6): Install database file: /var/www/html/camper.pacificnm.com/module/Auth/sql/auth.sql
2016-12-14T08:08:33-08:00 INFO (6): Working on moudule Battery
2016-12-14T08:08:33-08:00 ERR (3): Failed to open /var/www/html/camper.pacificnm.com/module/Battery/sql/battery.sql
2016-12-14T08:08:33-08:00 INFO (6): Working on moudule Config
2016-12-14T08:08:33-08:00 INFO (6): Install database file: /var/www/html/camper.pacificnm.com/module/Config/sql/config.sql
2016-12-14T08:08:33-08:00 INFO (6): Working on moudule Cron
2016-12-14T08:08:33-08:00 INFO (6): Install database file: /var/www/html/camper.pacificnm.com/module/Cron/sql/cron.sql
2016-12-14T08:08:33-08:00 INFO (6): Working on moudule Install
2016-12-14T08:08:33-08:00 INFO (6): Working on moudule Load
2016-12-14T08:08:33-08:00 ERR (3): Failed to open /var/www/html/camper.pacificnm.com/module/Load/sql/load.sql
2016-12-14T08:08:33-08:00 INFO (6): Working on moudule Menu
2016-12-14T08:08:33-08:00 INFO (6): Install database file: /var/www/html/camper.pacificnm.com/module/Menu/sql/menu.sql
2016-12-14T08:08:33-08:00 INFO (6): Working on moudule MenuItem
2016-12-14T08:08:33-08:00 ERR (3): Failed to open /var/www/html/camper.pacificnm.com/module/MenuItem/sql/menu_item.sql
2016-12-14T08:08:33-08:00 INFO (6): Working on moudule Module
2016-12-14T08:08:33-08:00 INFO (6): Install database file: /var/www/html/camper.pacificnm.com/module/Module/sql/module.sql
2016-12-14T08:08:33-08:00 INFO (6): Working on moudule Page
2016-12-14T08:08:33-08:00 INFO (6): Install database file: /var/www/html/camper.pacificnm.com/module/Page/sql/page.sql
2016-12-14T08:08:33-08:00 INFO (6): Working on moudule Solar
2016-12-14T08:08:33-08:00 INFO (6): Working on moudule Update
2016-12-14T08:08:33-08:00 INFO (6): Done with database updates
2016-12-14T08:08:33-08:00 INFO (6): Install ACLS
2016-12-14T08:08:33-08:00 INFO (6): Done installing ACLS
2016-12-14T08:08:33-08:00 INFO (6): Install Pages
2016-12-14T08:08:33-08:00 INFO (6): Install Menu
2016-12-14T08:09:13-08:00 INFO (6): Start Update at 12/14/2016 08:09 am
2016-12-14T08:09:13-08:00 INFO (6): Working on moudule Acl
2016-12-14T08:09:13-08:00 INFO (6): Install database file: /var/www/html/camper.pacificnm.com/module/AclResource/sql/acl_resource.sql
2016-12-14T08:09:13-08:00 INFO (6): Install database file: /var/www/html/camper.pacificnm.com/module/AclRole/sql/acl_role.sql
2016-12-14T08:09:13-08:00 INFO (6): Install database file: /var/www/html/camper.pacificnm.com/module/Acl/sql/acl.sql
2016-12-14T08:09:13-08:00 INFO (6): Working on moudule AclResource
2016-12-14T08:09:13-08:00 INFO (6): Install database file: /var/www/html/camper.pacificnm.com/module/AclResource/sql/acl_resource.sql
2016-12-14T08:09:13-08:00 INFO (6): Working on moudule AclRole
2016-12-14T08:09:13-08:00 INFO (6): Install database file: /var/www/html/camper.pacificnm.com/module/AclRole/sql/acl_role.sql
2016-12-14T08:09:13-08:00 INFO (6): Working on moudule Admin
2016-12-14T08:09:13-08:00 INFO (6): Working on moudule Application
2016-12-14T08:09:13-08:00 INFO (6): Working on moudule Auth
2016-12-14T08:09:13-08:00 INFO (6): Install database file: /var/www/html/camper.pacificnm.com/module/Auth/sql/auth.sql
2016-12-14T08:09:13-08:00 INFO (6): Working on moudule Battery
2016-12-14T08:09:13-08:00 ERR (3): Failed to open /var/www/html/camper.pacificnm.com/module/Battery/sql/battery.sql
2016-12-14T08:09:13-08:00 INFO (6): Working on moudule Config
2016-12-14T08:09:13-08:00 INFO (6): Install database file: /var/www/html/camper.pacificnm.com/module/Config/sql/config.sql
2016-12-14T08:09:13-08:00 INFO (6): Working on moudule Cron
2016-12-14T08:09:13-08:00 INFO (6): Install database file: /var/www/html/camper.pacificnm.com/module/Cron/sql/cron.sql
2016-12-14T08:09:13-08:00 INFO (6): Working on moudule Install
2016-12-14T08:09:13-08:00 INFO (6): Working on moudule Load
2016-12-14T08:09:13-08:00 ERR (3): Failed to open /var/www/html/camper.pacificnm.com/module/Load/sql/load.sql
2016-12-14T08:09:13-08:00 INFO (6): Working on moudule Menu
2016-12-14T08:09:13-08:00 INFO (6): Install database file: /var/www/html/camper.pacificnm.com/module/Menu/sql/menu.sql
2016-12-14T08:09:13-08:00 INFO (6): Working on moudule MenuItem
2016-12-14T08:09:13-08:00 ERR (3): Failed to open /var/www/html/camper.pacificnm.com/module/MenuItem/sql/menu_item.sql
2016-12-14T08:09:13-08:00 INFO (6): Working on moudule Module
2016-12-14T08:09:13-08:00 INFO (6): Install database file: /var/www/html/camper.pacificnm.com/module/Module/sql/module.sql
2016-12-14T08:09:13-08:00 INFO (6): Working on moudule Page
2016-12-14T08:09:13-08:00 INFO (6): Install database file: /var/www/html/camper.pacificnm.com/module/Page/sql/page.sql
2016-12-14T08:09:13-08:00 INFO (6): Working on moudule Solar
2016-12-14T08:09:13-08:00 INFO (6): Working on moudule Update
2016-12-14T08:09:13-08:00 INFO (6): Done with database updates
2016-12-14T08:09:13-08:00 INFO (6): Install ACLS
2016-12-14T08:09:13-08:00 INFO (6): Done installing ACLS
2016-12-14T08:09:13-08:00 INFO (6): Install Pages
2016-12-14T08:09:13-08:00 INFO (6): Install Menu
2016-12-14T08:09:22-08:00 INFO (6): Start Update at 12/14/2016 08:09 am
2016-12-14T08:09:22-08:00 INFO (6): Working on moudule Acl
2016-12-14T08:09:22-08:00 INFO (6): Install database file: /var/www/html/camper.pacificnm.com/module/AclResource/sql/acl_resource.sql
2016-12-14T08:09:22-08:00 INFO (6): Install database file: /var/www/html/camper.pacificnm.com/module/AclRole/sql/acl_role.sql
2016-12-14T08:09:22-08:00 INFO (6): Install database file: /var/www/html/camper.pacificnm.com/module/Acl/sql/acl.sql
2016-12-14T08:09:22-08:00 INFO (6): Working on moudule AclResource
2016-12-14T08:09:22-08:00 INFO (6): Install database file: /var/www/html/camper.pacificnm.com/module/AclResource/sql/acl_resource.sql
2016-12-14T08:09:22-08:00 INFO (6): Working on moudule AclRole
2016-12-14T08:09:22-08:00 INFO (6): Install database file: /var/www/html/camper.pacificnm.com/module/AclRole/sql/acl_role.sql
2016-12-14T08:09:22-08:00 INFO (6): Working on moudule Admin
2016-12-14T08:09:22-08:00 INFO (6): Working on moudule Application
2016-12-14T08:09:22-08:00 INFO (6): Working on moudule Auth
2016-12-14T08:09:22-08:00 INFO (6): Install database file: /var/www/html/camper.pacificnm.com/module/Auth/sql/auth.sql
2016-12-14T08:09:22-08:00 INFO (6): Working on moudule Battery
2016-12-14T08:09:22-08:00 ERR (3): Failed to open /var/www/html/camper.pacificnm.com/module/Battery/sql/battery.sql
2016-12-14T08:09:22-08:00 INFO (6): Working on moudule Config
2016-12-14T08:09:22-08:00 INFO (6): Install database file: /var/www/html/camper.pacificnm.com/module/Config/sql/config.sql
2016-12-14T08:09:22-08:00 INFO (6): Working on moudule Cron
2016-12-14T08:09:22-08:00 INFO (6): Install database file: /var/www/html/camper.pacificnm.com/module/Cron/sql/cron.sql
2016-12-14T08:09:22-08:00 INFO (6): Working on moudule Install
2016-12-14T08:09:22-08:00 INFO (6): Working on moudule Load
2016-12-14T08:09:22-08:00 ERR (3): Failed to open /var/www/html/camper.pacificnm.com/module/Load/sql/load.sql
2016-12-14T08:09:22-08:00 INFO (6): Working on moudule Menu
2016-12-14T08:09:22-08:00 INFO (6): Install database file: /var/www/html/camper.pacificnm.com/module/Menu/sql/menu.sql
2016-12-14T08:09:22-08:00 INFO (6): Working on moudule MenuItem
2016-12-14T08:09:22-08:00 ERR (3): Failed to open /var/www/html/camper.pacificnm.com/module/MenuItem/sql/menu_item.sql
2016-12-14T08:09:22-08:00 INFO (6): Working on moudule Module
2016-12-14T08:09:22-08:00 INFO (6): Install database file: /var/www/html/camper.pacificnm.com/module/Module/sql/module.sql
2016-12-14T08:09:22-08:00 INFO (6): Working on moudule Page
2016-12-14T08:09:22-08:00 INFO (6): Install database file: /var/www/html/camper.pacificnm.com/module/Page/sql/page.sql
2016-12-14T08:09:22-08:00 INFO (6): Working on moudule Solar
2016-12-14T08:09:22-08:00 INFO (6): Working on moudule Update
2016-12-14T08:09:22-08:00 INFO (6): Done with database updates
2016-12-14T08:09:22-08:00 INFO (6): Install ACLS
2016-12-14T08:09:22-08:00 INFO (6): Done installing ACLS
2016-12-14T08:09:22-08:00 INFO (6): Install Pages
2016-12-14T08:09:22-08:00 INFO (6): Install Menu
2016-12-14T08:10:48-08:00 INFO (6): Start Update at 12/14/2016 08:10 am
2016-12-14T08:10:48-08:00 INFO (6): Working on moudule Acl
2016-12-14T08:10:48-08:00 INFO (6): Install database file: /var/www/html/camper.pacificnm.com/module/AclResource/sql/acl_resource.sql
2016-12-14T08:10:48-08:00 INFO (6): Install database file: /var/www/html/camper.pacificnm.com/module/AclRole/sql/acl_role.sql
2016-12-14T08:10:48-08:00 INFO (6): Install database file: /var/www/html/camper.pacificnm.com/module/Acl/sql/acl.sql
2016-12-14T08:10:48-08:00 INFO (6): Working on moudule AclResource
2016-12-14T08:10:48-08:00 INFO (6): Install database file: /var/www/html/camper.pacificnm.com/module/AclResource/sql/acl_resource.sql
2016-12-14T08:10:48-08:00 INFO (6): Working on moudule AclRole
2016-12-14T08:10:48-08:00 INFO (6): Install database file: /var/www/html/camper.pacificnm.com/module/AclRole/sql/acl_role.sql
2016-12-14T08:10:48-08:00 INFO (6): Working on moudule Admin
2016-12-14T08:10:48-08:00 INFO (6): Working on moudule Application
2016-12-14T08:10:48-08:00 INFO (6): Working on moudule Auth
2016-12-14T08:10:48-08:00 INFO (6): Install database file: /var/www/html/camper.pacificnm.com/module/Auth/sql/auth.sql
2016-12-14T08:10:48-08:00 INFO (6): Working on moudule Battery
2016-12-14T08:10:48-08:00 ERR (3): Failed to open /var/www/html/camper.pacificnm.com/module/Battery/sql/battery.sql
2016-12-14T08:10:48-08:00 INFO (6): Working on moudule Config
2016-12-14T08:10:48-08:00 INFO (6): Install database file: /var/www/html/camper.pacificnm.com/module/Config/sql/config.sql
2016-12-14T08:10:48-08:00 INFO (6): Working on moudule Cron
2016-12-14T08:10:48-08:00 INFO (6): Install database file: /var/www/html/camper.pacificnm.com/module/Cron/sql/cron.sql
2016-12-14T08:10:48-08:00 INFO (6): Working on moudule Install
2016-12-14T08:10:48-08:00 INFO (6): Working on moudule Load
2016-12-14T08:10:48-08:00 ERR (3): Failed to open /var/www/html/camper.pacificnm.com/module/Load/sql/load.sql
2016-12-14T08:10:48-08:00 INFO (6): Working on moudule Menu
2016-12-14T08:10:48-08:00 INFO (6): Install database file: /var/www/html/camper.pacificnm.com/module/Menu/sql/menu.sql
2016-12-14T08:10:48-08:00 INFO (6): Working on moudule MenuItem
2016-12-14T08:10:48-08:00 ERR (3): Failed to open /var/www/html/camper.pacificnm.com/module/MenuItem/sql/menu_item.sql
2016-12-14T08:10:48-08:00 INFO (6): Working on moudule Module
2016-12-14T08:10:48-08:00 INFO (6): Install database file: /var/www/html/camper.pacificnm.com/module/Module/sql/module.sql
2016-12-14T08:10:48-08:00 INFO (6): Working on moudule Page
2016-12-14T08:10:48-08:00 INFO (6): Install database file: /var/www/html/camper.pacificnm.com/module/Page/sql/page.sql
2016-12-14T08:10:48-08:00 INFO (6): Working on moudule Solar
2016-12-14T08:10:48-08:00 INFO (6): Working on moudule Update
2016-12-14T08:10:48-08:00 INFO (6): Done with database updates
2016-12-14T08:10:48-08:00 INFO (6): Install ACLS
2016-12-14T08:10:48-08:00 INFO (6): Done installing ACLS
2016-12-14T08:10:48-08:00 INFO (6): Install Pages
2016-12-14T08:10:48-08:00 INFO (6): Install Menu
2016-12-14T08:11:02-08:00 INFO (6): Start Update at 12/14/2016 08:11 am
2016-12-14T08:11:02-08:00 INFO (6): Working on moudule Acl
2016-12-14T08:11:02-08:00 INFO (6): Install database file: /var/www/html/camper.pacificnm.com/module/AclResource/sql/acl_resource.sql
2016-12-14T08:11:02-08:00 INFO (6): Install database file: /var/www/html/camper.pacificnm.com/module/AclRole/sql/acl_role.sql
2016-12-14T08:11:02-08:00 INFO (6): Install database file: /var/www/html/camper.pacificnm.com/module/Acl/sql/acl.sql
2016-12-14T08:11:02-08:00 INFO (6): Working on moudule AclResource
2016-12-14T08:11:02-08:00 INFO (6): Install database file: /var/www/html/camper.pacificnm.com/module/AclResource/sql/acl_resource.sql
2016-12-14T08:11:02-08:00 INFO (6): Working on moudule AclRole
2016-12-14T08:11:02-08:00 INFO (6): Install database file: /var/www/html/camper.pacificnm.com/module/AclRole/sql/acl_role.sql
2016-12-14T08:11:02-08:00 INFO (6): Working on moudule Admin
2016-12-14T08:11:02-08:00 INFO (6): Working on moudule Application
2016-12-14T08:11:02-08:00 INFO (6): Working on moudule Auth
2016-12-14T08:11:02-08:00 INFO (6): Install database file: /var/www/html/camper.pacificnm.com/module/Auth/sql/auth.sql
2016-12-14T08:11:02-08:00 INFO (6): Working on moudule Battery
2016-12-14T08:11:02-08:00 ERR (3): Failed to open /var/www/html/camper.pacificnm.com/module/Battery/sql/battery.sql
2016-12-14T08:11:02-08:00 INFO (6): Working on moudule Config
2016-12-14T08:11:02-08:00 INFO (6): Install database file: /var/www/html/camper.pacificnm.com/module/Config/sql/config.sql
2016-12-14T08:11:02-08:00 INFO (6): Working on moudule Cron
2016-12-14T08:11:02-08:00 INFO (6): Install database file: /var/www/html/camper.pacificnm.com/module/Cron/sql/cron.sql
2016-12-14T08:11:02-08:00 INFO (6): Working on moudule Install
2016-12-14T08:11:02-08:00 INFO (6): Working on moudule Load
2016-12-14T08:11:02-08:00 ERR (3): Failed to open /var/www/html/camper.pacificnm.com/module/Load/sql/load.sql
2016-12-14T08:11:02-08:00 INFO (6): Working on moudule Menu
2016-12-14T08:11:02-08:00 INFO (6): Install database file: /var/www/html/camper.pacificnm.com/module/Menu/sql/menu.sql
2016-12-14T08:11:02-08:00 INFO (6): Working on moudule MenuItem
2016-12-14T08:11:02-08:00 ERR (3): Failed to open /var/www/html/camper.pacificnm.com/module/MenuItem/sql/menu_item.sql
2016-12-14T08:11:02-08:00 INFO (6): Working on moudule Module
2016-12-14T08:11:02-08:00 INFO (6): Install database file: /var/www/html/camper.pacificnm.com/module/Module/sql/module.sql
2016-12-14T08:11:02-08:00 INFO (6): Working on moudule Page
2016-12-14T08:11:02-08:00 INFO (6): Install database file: /var/www/html/camper.pacificnm.com/module/Page/sql/page.sql
2016-12-14T08:11:02-08:00 INFO (6): Working on moudule Solar
2016-12-14T08:11:02-08:00 INFO (6): Working on moudule Update
2016-12-14T08:11:02-08:00 INFO (6): Done with database updates
2016-12-14T08:11:02-08:00 INFO (6): Install ACLS
2016-12-14T08:11:02-08:00 INFO (6): Done installing ACLS
2016-12-14T08:11:02-08:00 INFO (6): Install Pages
2016-12-14T08:11:02-08:00 INFO (6): Install Menu
2016-12-14T08:11:02-08:00 INFO (6): Completed Installing Menu
2016-12-14T08:11:02-08:00 INFO (6): Done with module updates
2016-12-14T08:11:02-08:00 INFO (6): Comleted Update at 12/14/2016 08:11 am
2016-12-14T08:11:14-08:00 INFO (6): Start Update at 12/14/2016 08:11 am
2016-12-14T08:11:14-08:00 INFO (6): Working on moudule Acl
2016-12-14T08:11:14-08:00 INFO (6): Install database file: /var/www/html/camper.pacificnm.com/module/AclResource/sql/acl_resource.sql
2016-12-14T08:11:14-08:00 INFO (6): Install database file: /var/www/html/camper.pacificnm.com/module/AclRole/sql/acl_role.sql
2016-12-14T08:11:14-08:00 INFO (6): Install database file: /var/www/html/camper.pacificnm.com/module/Acl/sql/acl.sql
2016-12-14T08:11:14-08:00 INFO (6): Working on moudule AclResource
2016-12-14T08:11:14-08:00 INFO (6): Install database file: /var/www/html/camper.pacificnm.com/module/AclResource/sql/acl_resource.sql
2016-12-14T08:11:14-08:00 INFO (6): Working on moudule AclRole
2016-12-14T08:11:14-08:00 INFO (6): Install database file: /var/www/html/camper.pacificnm.com/module/AclRole/sql/acl_role.sql
2016-12-14T08:11:14-08:00 INFO (6): Working on moudule Admin
2016-12-14T08:11:14-08:00 INFO (6): Working on moudule Application
2016-12-14T08:11:14-08:00 INFO (6): Working on moudule Auth
2016-12-14T08:11:14-08:00 INFO (6): Install database file: /var/www/html/camper.pacificnm.com/module/Auth/sql/auth.sql
2016-12-14T08:11:14-08:00 INFO (6): Working on moudule Battery
2016-12-14T08:11:14-08:00 ERR (3): Failed to open /var/www/html/camper.pacificnm.com/module/Battery/sql/battery.sql
2016-12-14T08:11:14-08:00 INFO (6): Working on moudule Config
2016-12-14T08:11:14-08:00 INFO (6): Install database file: /var/www/html/camper.pacificnm.com/module/Config/sql/config.sql
2016-12-14T08:11:14-08:00 INFO (6): Working on moudule Cron
2016-12-14T08:11:14-08:00 INFO (6): Install database file: /var/www/html/camper.pacificnm.com/module/Cron/sql/cron.sql
2016-12-14T08:11:14-08:00 INFO (6): Working on moudule Install
2016-12-14T08:11:14-08:00 INFO (6): Working on moudule Load
2016-12-14T08:11:14-08:00 ERR (3): Failed to open /var/www/html/camper.pacificnm.com/module/Load/sql/load.sql
2016-12-14T08:11:14-08:00 INFO (6): Working on moudule Menu
2016-12-14T08:11:14-08:00 INFO (6): Install database file: /var/www/html/camper.pacificnm.com/module/Menu/sql/menu.sql
2016-12-14T08:11:14-08:00 INFO (6): Working on moudule MenuItem
2016-12-14T08:11:14-08:00 ERR (3): Failed to open /var/www/html/camper.pacificnm.com/module/MenuItem/sql/menu_item.sql
2016-12-14T08:11:14-08:00 INFO (6): Working on moudule Module
2016-12-14T08:11:14-08:00 INFO (6): Install database file: /var/www/html/camper.pacificnm.com/module/Module/sql/module.sql
2016-12-14T08:11:14-08:00 INFO (6): Working on moudule Page
2016-12-14T08:11:14-08:00 INFO (6): Install database file: /var/www/html/camper.pacificnm.com/module/Page/sql/page.sql
2016-12-14T08:11:14-08:00 INFO (6): Working on moudule Solar
2016-12-14T08:11:14-08:00 INFO (6): Working on moudule Update
2016-12-14T08:11:14-08:00 INFO (6): Done with database updates
2016-12-14T08:11:14-08:00 INFO (6): Install ACLS
2016-12-14T08:11:14-08:00 INFO (6): Done installing ACLS
2016-12-14T08:11:14-08:00 INFO (6): Install Pages
2016-12-14T08:11:14-08:00 INFO (6): Install Menu
2016-12-14T08:11:26-08:00 INFO (6): Start Update at 12/14/2016 08:11 am
2016-12-14T08:11:26-08:00 INFO (6): Working on moudule Acl
2016-12-14T08:11:26-08:00 INFO (6): Install database file: /var/www/html/camper.pacificnm.com/module/AclResource/sql/acl_resource.sql
2016-12-14T08:11:26-08:00 INFO (6): Install database file: /var/www/html/camper.pacificnm.com/module/AclRole/sql/acl_role.sql
2016-12-14T08:11:26-08:00 INFO (6): Install database file: /var/www/html/camper.pacificnm.com/module/Acl/sql/acl.sql
2016-12-14T08:11:26-08:00 INFO (6): Working on moudule AclResource
2016-12-14T08:11:26-08:00 INFO (6): Install database file: /var/www/html/camper.pacificnm.com/module/AclResource/sql/acl_resource.sql
2016-12-14T08:11:26-08:00 INFO (6): Working on moudule AclRole
2016-12-14T08:11:26-08:00 INFO (6): Install database file: /var/www/html/camper.pacificnm.com/module/AclRole/sql/acl_role.sql
2016-12-14T08:11:26-08:00 INFO (6): Working on moudule Admin
2016-12-14T08:11:26-08:00 INFO (6): Working on moudule Application
2016-12-14T08:11:26-08:00 INFO (6): Working on moudule Auth
2016-12-14T08:11:26-08:00 INFO (6): Install database file: /var/www/html/camper.pacificnm.com/module/Auth/sql/auth.sql
2016-12-14T08:11:26-08:00 INFO (6): Working on moudule Battery
2016-12-14T08:11:26-08:00 ERR (3): Failed to open /var/www/html/camper.pacificnm.com/module/Battery/sql/battery.sql
2016-12-14T08:11:26-08:00 INFO (6): Working on moudule Config
2016-12-14T08:11:26-08:00 INFO (6): Install database file: /var/www/html/camper.pacificnm.com/module/Config/sql/config.sql
2016-12-14T08:11:26-08:00 INFO (6): Working on moudule Cron
2016-12-14T08:11:26-08:00 INFO (6): Install database file: /var/www/html/camper.pacificnm.com/module/Cron/sql/cron.sql
2016-12-14T08:11:26-08:00 INFO (6): Working on moudule Install
2016-12-14T08:11:26-08:00 INFO (6): Working on moudule Load
2016-12-14T08:11:26-08:00 ERR (3): Failed to open /var/www/html/camper.pacificnm.com/module/Load/sql/load.sql
2016-12-14T08:11:26-08:00 INFO (6): Working on moudule Menu
2016-12-14T08:11:26-08:00 INFO (6): Install database file: /var/www/html/camper.pacificnm.com/module/Menu/sql/menu.sql
2016-12-14T08:11:26-08:00 INFO (6): Working on moudule MenuItem
2016-12-14T08:11:26-08:00 ERR (3): Failed to open /var/www/html/camper.pacificnm.com/module/MenuItem/sql/menu_item.sql
2016-12-14T08:11:26-08:00 INFO (6): Working on moudule Module
2016-12-14T08:11:26-08:00 INFO (6): Install database file: /var/www/html/camper.pacificnm.com/module/Module/sql/module.sql
2016-12-14T08:11:26-08:00 INFO (6): Working on moudule Page
2016-12-14T08:11:26-08:00 INFO (6): Install database file: /var/www/html/camper.pacificnm.com/module/Page/sql/page.sql
2016-12-14T08:11:26-08:00 INFO (6): Working on moudule Solar
2016-12-14T08:11:26-08:00 INFO (6): Working on moudule Update
2016-12-14T08:11:26-08:00 INFO (6): Done with database updates
2016-12-14T08:11:26-08:00 INFO (6): Install ACLS
2016-12-14T08:11:26-08:00 INFO (6): Done installing ACLS
2016-12-14T08:11:26-08:00 INFO (6): Install Pages
2016-12-14T08:11:26-08:00 INFO (6): Install Menu
2016-12-14T08:11:41-08:00 INFO (6): Start Update at 12/14/2016 08:11 am
2016-12-14T08:11:41-08:00 INFO (6): Working on moudule Acl
2016-12-14T08:11:41-08:00 INFO (6): Install database file: /var/www/html/camper.pacificnm.com/module/AclResource/sql/acl_resource.sql
2016-12-14T08:11:41-08:00 INFO (6): Install database file: /var/www/html/camper.pacificnm.com/module/AclRole/sql/acl_role.sql
2016-12-14T08:11:41-08:00 INFO (6): Install database file: /var/www/html/camper.pacificnm.com/module/Acl/sql/acl.sql
2016-12-14T08:11:41-08:00 INFO (6): Working on moudule AclResource
2016-12-14T08:11:41-08:00 INFO (6): Install database file: /var/www/html/camper.pacificnm.com/module/AclResource/sql/acl_resource.sql
2016-12-14T08:11:41-08:00 INFO (6): Working on moudule AclRole
2016-12-14T08:11:41-08:00 INFO (6): Install database file: /var/www/html/camper.pacificnm.com/module/AclRole/sql/acl_role.sql
2016-12-14T08:11:41-08:00 INFO (6): Working on moudule Admin
2016-12-14T08:11:41-08:00 INFO (6): Working on moudule Application
2016-12-14T08:11:41-08:00 INFO (6): Working on moudule Auth
2016-12-14T08:11:41-08:00 INFO (6): Install database file: /var/www/html/camper.pacificnm.com/module/Auth/sql/auth.sql
2016-12-14T08:11:41-08:00 INFO (6): Working on moudule Battery
2016-12-14T08:11:41-08:00 ERR (3): Failed to open /var/www/html/camper.pacificnm.com/module/Battery/sql/battery.sql
2016-12-14T08:11:41-08:00 INFO (6): Working on moudule Config
2016-12-14T08:11:41-08:00 INFO (6): Install database file: /var/www/html/camper.pacificnm.com/module/Config/sql/config.sql
2016-12-14T08:11:41-08:00 INFO (6): Working on moudule Cron
2016-12-14T08:11:41-08:00 INFO (6): Install database file: /var/www/html/camper.pacificnm.com/module/Cron/sql/cron.sql
2016-12-14T08:11:41-08:00 INFO (6): Working on moudule Install
2016-12-14T08:11:41-08:00 INFO (6): Working on moudule Load
2016-12-14T08:11:41-08:00 ERR (3): Failed to open /var/www/html/camper.pacificnm.com/module/Load/sql/load.sql
2016-12-14T08:11:41-08:00 INFO (6): Working on moudule Menu
2016-12-14T08:11:41-08:00 INFO (6): Install database file: /var/www/html/camper.pacificnm.com/module/Menu/sql/menu.sql
2016-12-14T08:11:41-08:00 INFO (6): Working on moudule MenuItem
2016-12-14T08:11:41-08:00 ERR (3): Failed to open /var/www/html/camper.pacificnm.com/module/MenuItem/sql/menu_item.sql
2016-12-14T08:11:41-08:00 INFO (6): Working on moudule Module
2016-12-14T08:11:41-08:00 INFO (6): Install database file: /var/www/html/camper.pacificnm.com/module/Module/sql/module.sql
2016-12-14T08:11:41-08:00 INFO (6): Working on moudule Page
2016-12-14T08:11:41-08:00 INFO (6): Install database file: /var/www/html/camper.pacificnm.com/module/Page/sql/page.sql
2016-12-14T08:11:41-08:00 INFO (6): Working on moudule Solar
2016-12-14T08:11:41-08:00 INFO (6): Working on moudule Update
2016-12-14T08:11:41-08:00 INFO (6): Done with database updates
2016-12-14T08:11:41-08:00 INFO (6): Install ACLS
2016-12-14T08:11:42-08:00 INFO (6): Done installing ACLS
2016-12-14T08:11:42-08:00 INFO (6): Install Pages
2016-12-14T08:11:42-08:00 INFO (6): Install Menu
2016-12-14T08:11:42-08:00 INFO (6): Completed Installing Menu
2016-12-14T08:11:42-08:00 INFO (6): Done with module updates
2016-12-14T08:11:42-08:00 INFO (6): Comleted Update at 12/14/2016 08:11 am
2016-12-14T08:14:38-08:00 INFO (6): Start Update at 12/14/2016 08:14 am
2016-12-14T08:14:38-08:00 INFO (6): Working on moudule Acl
2016-12-14T08:14:38-08:00 INFO (6): Install database file: /var/www/html/camper.pacificnm.com/module/AclResource/sql/acl_resource.sql
2016-12-14T08:14:38-08:00 INFO (6): Install database file: /var/www/html/camper.pacificnm.com/module/AclRole/sql/acl_role.sql
2016-12-14T08:14:38-08:00 INFO (6): Install database file: /var/www/html/camper.pacificnm.com/module/Acl/sql/acl.sql
2016-12-14T08:14:38-08:00 INFO (6): Working on moudule AclResource
2016-12-14T08:14:38-08:00 INFO (6): Install database file: /var/www/html/camper.pacificnm.com/module/AclResource/sql/acl_resource.sql
2016-12-14T08:14:38-08:00 INFO (6): Working on moudule AclRole
2016-12-14T08:14:38-08:00 INFO (6): Install database file: /var/www/html/camper.pacificnm.com/module/AclRole/sql/acl_role.sql
2016-12-14T08:14:38-08:00 INFO (6): Working on moudule Admin
2016-12-14T08:14:38-08:00 INFO (6): Working on moudule Application
2016-12-14T08:14:38-08:00 INFO (6): Working on moudule Auth
2016-12-14T08:14:38-08:00 INFO (6): Install database file: /var/www/html/camper.pacificnm.com/module/Auth/sql/auth.sql
2016-12-14T08:14:38-08:00 INFO (6): Working on moudule Battery
2016-12-14T08:14:38-08:00 ERR (3): Failed to open /var/www/html/camper.pacificnm.com/module/Battery/sql/battery.sql
2016-12-14T08:14:38-08:00 INFO (6): Working on moudule Config
2016-12-14T08:14:38-08:00 INFO (6): Install database file: /var/www/html/camper.pacificnm.com/module/Config/sql/config.sql
2016-12-14T08:14:38-08:00 INFO (6): Working on moudule Cron
2016-12-14T08:14:38-08:00 INFO (6): Install database file: /var/www/html/camper.pacificnm.com/module/Cron/sql/cron.sql
2016-12-14T08:14:38-08:00 INFO (6): Working on moudule Install
2016-12-14T08:14:38-08:00 INFO (6): Working on moudule Load
2016-12-14T08:14:38-08:00 ERR (3): Failed to open /var/www/html/camper.pacificnm.com/module/Load/sql/load.sql
2016-12-14T08:14:38-08:00 INFO (6): Working on moudule Menu
2016-12-14T08:14:38-08:00 INFO (6): Install database file: /var/www/html/camper.pacificnm.com/module/Menu/sql/menu.sql
2016-12-14T08:14:38-08:00 INFO (6): Working on moudule MenuItem
2016-12-14T08:14:38-08:00 ERR (3): Failed to open /var/www/html/camper.pacificnm.com/module/MenuItem/sql/menu_item.sql
2016-12-14T08:14:38-08:00 INFO (6): Working on moudule Module
2016-12-14T08:14:38-08:00 INFO (6): Install database file: /var/www/html/camper.pacificnm.com/module/Module/sql/module.sql
2016-12-14T08:14:38-08:00 INFO (6): Working on moudule Page
2016-12-14T08:14:38-08:00 INFO (6): Install database file: /var/www/html/camper.pacificnm.com/module/Page/sql/page.sql
2016-12-14T08:14:38-08:00 INFO (6): Working on moudule Solar
2016-12-14T08:14:38-08:00 INFO (6): Working on moudule Update
2016-12-14T08:14:38-08:00 INFO (6): Done with database updates
2016-12-14T08:14:38-08:00 INFO (6): Install ACLS
2016-12-14T08:14:38-08:00 INFO (6): Done installing ACLS
2016-12-14T08:14:38-08:00 INFO (6): Install Pages
2016-12-14T08:14:38-08:00 INFO (6): Install Menu
2016-12-14T08:14:38-08:00 INFO (6): Completed Installing Menu
2016-12-14T08:14:38-08:00 INFO (6): Done with module updates
2016-12-14T08:14:38-08:00 INFO (6): Comleted Update at 12/14/2016 08:14 am
2016-12-14T08:14:56-08:00 INFO (6): Start Update at 12/14/2016 08:14 am
2016-12-14T08:14:56-08:00 INFO (6): Working on moudule Acl
2016-12-14T08:14:56-08:00 INFO (6): Install database file: /var/www/html/camper.pacificnm.com/module/AclResource/sql/acl_resource.sql
2016-12-14T08:14:56-08:00 INFO (6): Install database file: /var/www/html/camper.pacificnm.com/module/AclRole/sql/acl_role.sql
2016-12-14T08:14:56-08:00 INFO (6): Install database file: /var/www/html/camper.pacificnm.com/module/Acl/sql/acl.sql
2016-12-14T08:14:56-08:00 INFO (6): Working on moudule AclResource
2016-12-14T08:14:56-08:00 INFO (6): Install database file: /var/www/html/camper.pacificnm.com/module/AclResource/sql/acl_resource.sql
2016-12-14T08:14:56-08:00 INFO (6): Working on moudule AclRole
2016-12-14T08:14:56-08:00 INFO (6): Install database file: /var/www/html/camper.pacificnm.com/module/AclRole/sql/acl_role.sql
2016-12-14T08:14:56-08:00 INFO (6): Working on moudule Admin
2016-12-14T08:14:56-08:00 INFO (6): Working on moudule Application
2016-12-14T08:14:56-08:00 INFO (6): Working on moudule Auth
2016-12-14T08:14:56-08:00 INFO (6): Install database file: /var/www/html/camper.pacificnm.com/module/Auth/sql/auth.sql
2016-12-14T08:14:56-08:00 INFO (6): Working on moudule Battery
2016-12-14T08:14:56-08:00 ERR (3): Failed to open /var/www/html/camper.pacificnm.com/module/Battery/sql/battery.sql
2016-12-14T08:14:56-08:00 INFO (6): Working on moudule Config
2016-12-14T08:14:56-08:00 INFO (6): Install database file: /var/www/html/camper.pacificnm.com/module/Config/sql/config.sql
2016-12-14T08:14:56-08:00 INFO (6): Working on moudule Cron
2016-12-14T08:14:56-08:00 INFO (6): Install database file: /var/www/html/camper.pacificnm.com/module/Cron/sql/cron.sql
2016-12-14T08:14:56-08:00 INFO (6): Working on moudule Install
2016-12-14T08:14:56-08:00 INFO (6): Working on moudule Load
2016-12-14T08:14:56-08:00 ERR (3): Failed to open /var/www/html/camper.pacificnm.com/module/Load/sql/load.sql
2016-12-14T08:14:56-08:00 INFO (6): Working on moudule Menu
2016-12-14T08:14:56-08:00 INFO (6): Install database file: /var/www/html/camper.pacificnm.com/module/Menu/sql/menu.sql
2016-12-14T08:14:56-08:00 INFO (6): Working on moudule MenuItem
2016-12-14T08:14:56-08:00 ERR (3): Failed to open /var/www/html/camper.pacificnm.com/module/MenuItem/sql/menu_item.sql
2016-12-14T08:14:56-08:00 INFO (6): Working on moudule Module
2016-12-14T08:14:56-08:00 INFO (6): Install database file: /var/www/html/camper.pacificnm.com/module/Module/sql/module.sql
2016-12-14T08:14:56-08:00 INFO (6): Working on moudule Page
2016-12-14T08:14:56-08:00 INFO (6): Install database file: /var/www/html/camper.pacificnm.com/module/Page/sql/page.sql
2016-12-14T08:14:56-08:00 INFO (6): Working on moudule Solar
2016-12-14T08:14:56-08:00 INFO (6): Working on moudule Update
2016-12-14T08:14:56-08:00 INFO (6): Done with database updates
2016-12-14T08:14:56-08:00 INFO (6): Install ACLS
2016-12-14T08:14:56-08:00 INFO (6): Done installing ACLS
2016-12-14T08:14:56-08:00 INFO (6): Install Pages
2016-12-14T08:14:56-08:00 INFO (6): Install Menu
2016-12-14T08:14:56-08:00 INFO (6): Completed Installing Menu
2016-12-14T08:14:56-08:00 INFO (6): Done with module updates
2016-12-14T08:14:56-08:00 INFO (6): Comleted Update at 12/14/2016 08:14 am
2016-12-14T08:27:25-08:00 INFO (6): Start Update at 12/14/2016 08:27 am
2016-12-14T08:27:25-08:00 INFO (6): Working on moudule Acl
2016-12-14T08:27:25-08:00 INFO (6): Install database file: /var/www/html/camper.pacificnm.com/module/AclResource/sql/acl_resource.sql
2016-12-14T08:27:25-08:00 INFO (6): Install database file: /var/www/html/camper.pacificnm.com/module/AclRole/sql/acl_role.sql
2016-12-14T08:27:25-08:00 INFO (6): Install database file: /var/www/html/camper.pacificnm.com/module/Acl/sql/acl.sql
2016-12-14T08:27:25-08:00 INFO (6): Working on moudule AclResource
2016-12-14T08:27:25-08:00 INFO (6): Install database file: /var/www/html/camper.pacificnm.com/module/AclResource/sql/acl_resource.sql
2016-12-14T08:27:25-08:00 INFO (6): Working on moudule AclRole
2016-12-14T08:27:25-08:00 INFO (6): Install database file: /var/www/html/camper.pacificnm.com/module/AclRole/sql/acl_role.sql
2016-12-14T08:27:25-08:00 INFO (6): Working on moudule Admin
2016-12-14T08:27:25-08:00 INFO (6): Working on moudule Application
2016-12-14T08:27:25-08:00 INFO (6): Working on moudule Auth
2016-12-14T08:27:25-08:00 INFO (6): Install database file: /var/www/html/camper.pacificnm.com/module/Auth/sql/auth.sql
2016-12-14T08:27:25-08:00 INFO (6): Working on moudule Battery
2016-12-14T08:27:25-08:00 ERR (3): Failed to open /var/www/html/camper.pacificnm.com/module/Battery/sql/battery.sql
2016-12-14T08:27:25-08:00 INFO (6): Working on moudule Config
2016-12-14T08:27:25-08:00 INFO (6): Install database file: /var/www/html/camper.pacificnm.com/module/Config/sql/config.sql
2016-12-14T08:27:25-08:00 INFO (6): Working on moudule Cron
2016-12-14T08:27:25-08:00 INFO (6): Install database file: /var/www/html/camper.pacificnm.com/module/Cron/sql/cron.sql
2016-12-14T08:27:25-08:00 INFO (6): Working on moudule Install
2016-12-14T08:27:25-08:00 INFO (6): Working on moudule Load
2016-12-14T08:27:25-08:00 ERR (3): Failed to open /var/www/html/camper.pacificnm.com/module/Load/sql/load.sql
2016-12-14T08:27:25-08:00 INFO (6): Working on moudule Menu
2016-12-14T08:27:25-08:00 INFO (6): Install database file: /var/www/html/camper.pacificnm.com/module/Menu/sql/menu.sql
2016-12-14T08:27:25-08:00 INFO (6): Working on moudule MenuItem
2016-12-14T08:27:25-08:00 ERR (3): Failed to open /var/www/html/camper.pacificnm.com/module/MenuItem/sql/menu_item.sql
2016-12-14T08:27:25-08:00 INFO (6): Working on moudule Module
2016-12-14T08:27:25-08:00 INFO (6): Install database file: /var/www/html/camper.pacificnm.com/module/Module/sql/module.sql
2016-12-14T08:27:25-08:00 INFO (6): Working on moudule Page
2016-12-14T08:27:25-08:00 INFO (6): Install database file: /var/www/html/camper.pacificnm.com/module/Page/sql/page.sql
2016-12-14T08:27:25-08:00 INFO (6): Working on moudule Solar
2016-12-14T08:27:25-08:00 INFO (6): Working on moudule Update
2016-12-14T08:27:25-08:00 INFO (6): Done with database updates
2016-12-14T08:27:25-08:00 INFO (6): Install ACLS
2016-12-14T08:27:25-08:00 INFO (6): Done installing ACLS
2016-12-14T08:27:25-08:00 INFO (6): Install Pages
2016-12-14T08:27:25-08:00 INFO (6): Install Menu
2016-12-14T08:28:13-08:00 INFO (6): Start Update at 12/14/2016 08:28 am
2016-12-14T08:28:13-08:00 INFO (6): Working on moudule Acl
2016-12-14T08:28:13-08:00 INFO (6): Install database file: /var/www/html/camper.pacificnm.com/module/AclResource/sql/acl_resource.sql
2016-12-14T08:28:13-08:00 INFO (6): Install database file: /var/www/html/camper.pacificnm.com/module/AclRole/sql/acl_role.sql
2016-12-14T08:28:13-08:00 INFO (6): Install database file: /var/www/html/camper.pacificnm.com/module/Acl/sql/acl.sql
2016-12-14T08:28:13-08:00 INFO (6): Working on moudule AclResource
2016-12-14T08:28:13-08:00 INFO (6): Install database file: /var/www/html/camper.pacificnm.com/module/AclResource/sql/acl_resource.sql
2016-12-14T08:28:13-08:00 INFO (6): Working on moudule AclRole
2016-12-14T08:28:13-08:00 INFO (6): Install database file: /var/www/html/camper.pacificnm.com/module/AclRole/sql/acl_role.sql
2016-12-14T08:28:13-08:00 INFO (6): Working on moudule Admin
2016-12-14T08:28:13-08:00 INFO (6): Working on moudule Application
2016-12-14T08:28:13-08:00 INFO (6): Working on moudule Auth
2016-12-14T08:28:13-08:00 INFO (6): Install database file: /var/www/html/camper.pacificnm.com/module/Auth/sql/auth.sql
2016-12-14T08:28:13-08:00 INFO (6): Working on moudule Battery
2016-12-14T08:28:13-08:00 ERR (3): Failed to open /var/www/html/camper.pacificnm.com/module/Battery/sql/battery.sql
2016-12-14T08:28:13-08:00 INFO (6): Working on moudule Config
2016-12-14T08:28:13-08:00 INFO (6): Install database file: /var/www/html/camper.pacificnm.com/module/Config/sql/config.sql
2016-12-14T08:28:13-08:00 INFO (6): Working on moudule Cron
2016-12-14T08:28:13-08:00 INFO (6): Install database file: /var/www/html/camper.pacificnm.com/module/Cron/sql/cron.sql
2016-12-14T08:28:13-08:00 INFO (6): Working on moudule Install
2016-12-14T08:28:13-08:00 INFO (6): Working on moudule Load
2016-12-14T08:28:13-08:00 ERR (3): Failed to open /var/www/html/camper.pacificnm.com/module/Load/sql/load.sql
2016-12-14T08:28:13-08:00 INFO (6): Working on moudule Menu
2016-12-14T08:28:13-08:00 INFO (6): Install database file: /var/www/html/camper.pacificnm.com/module/Menu/sql/menu.sql
2016-12-14T08:28:13-08:00 INFO (6): Working on moudule MenuItem
2016-12-14T08:28:13-08:00 ERR (3): Failed to open /var/www/html/camper.pacificnm.com/module/MenuItem/sql/menu_item.sql
2016-12-14T08:28:13-08:00 INFO (6): Working on moudule Module
2016-12-14T08:28:13-08:00 INFO (6): Install database file: /var/www/html/camper.pacificnm.com/module/Module/sql/module.sql
2016-12-14T08:28:13-08:00 INFO (6): Working on moudule Page
2016-12-14T08:28:13-08:00 INFO (6): Install database file: /var/www/html/camper.pacificnm.com/module/Page/sql/page.sql
2016-12-14T08:28:13-08:00 INFO (6): Working on moudule Solar
2016-12-14T08:28:13-08:00 INFO (6): Working on moudule Update
2016-12-14T08:28:13-08:00 INFO (6): Done with database updates
2016-12-14T08:28:13-08:00 INFO (6): Install ACLS
2016-12-14T08:28:13-08:00 INFO (6): Done installing ACLS
2016-12-14T08:28:13-08:00 INFO (6): Install Pages
2016-12-14T08:28:13-08:00 INFO (6): Install Menu
2016-12-14T08:28:13-08:00 INFO (6): Completed Installing Menu
2016-12-14T08:28:13-08:00 INFO (6): Done with module updates
2016-12-14T08:28:13-08:00 INFO (6): Comleted Update at 12/14/2016 08:28 am
2016-12-14T08:29:11-08:00 INFO (6): Start Update at 12/14/2016 08:29 am
2016-12-14T08:29:11-08:00 INFO (6): Working on moudule Acl
2016-12-14T08:29:11-08:00 INFO (6): Install database file: /var/www/html/camper.pacificnm.com/module/AclResource/sql/acl_resource.sql
2016-12-14T08:29:11-08:00 INFO (6): Install database file: /var/www/html/camper.pacificnm.com/module/AclRole/sql/acl_role.sql
2016-12-14T08:29:12-08:00 INFO (6): Install database file: /var/www/html/camper.pacificnm.com/module/Acl/sql/acl.sql
2016-12-14T08:29:12-08:00 INFO (6): Working on moudule AclResource
2016-12-14T08:29:12-08:00 INFO (6): Install database file: /var/www/html/camper.pacificnm.com/module/AclResource/sql/acl_resource.sql
2016-12-14T08:29:12-08:00 INFO (6): Working on moudule AclRole
2016-12-14T08:29:12-08:00 INFO (6): Install database file: /var/www/html/camper.pacificnm.com/module/AclRole/sql/acl_role.sql
2016-12-14T08:29:12-08:00 INFO (6): Working on moudule Admin
2016-12-14T08:29:12-08:00 INFO (6): Working on moudule Application
2016-12-14T08:29:12-08:00 INFO (6): Working on moudule Auth
2016-12-14T08:29:12-08:00 INFO (6): Install database file: /var/www/html/camper.pacificnm.com/module/Auth/sql/auth.sql
2016-12-14T08:29:12-08:00 INFO (6): Working on moudule Battery
2016-12-14T08:29:12-08:00 ERR (3): Failed to open /var/www/html/camper.pacificnm.com/module/Battery/sql/battery.sql
2016-12-14T08:29:12-08:00 INFO (6): Working on moudule Config
2016-12-14T08:29:12-08:00 INFO (6): Install database file: /var/www/html/camper.pacificnm.com/module/Config/sql/config.sql
2016-12-14T08:29:12-08:00 INFO (6): Working on moudule Cron
2016-12-14T08:29:12-08:00 INFO (6): Install database file: /var/www/html/camper.pacificnm.com/module/Cron/sql/cron.sql
2016-12-14T08:29:12-08:00 INFO (6): Working on moudule Install
2016-12-14T08:29:12-08:00 INFO (6): Working on moudule Load
2016-12-14T08:29:12-08:00 ERR (3): Failed to open /var/www/html/camper.pacificnm.com/module/Load/sql/load.sql
2016-12-14T08:29:12-08:00 INFO (6): Working on moudule Menu
2016-12-14T08:29:12-08:00 INFO (6): Install database file: /var/www/html/camper.pacificnm.com/module/Menu/sql/menu.sql
2016-12-14T08:29:12-08:00 INFO (6): Working on moudule MenuItem
2016-12-14T08:29:12-08:00 ERR (3): Failed to open /var/www/html/camper.pacificnm.com/module/MenuItem/sql/menu_item.sql
2016-12-14T08:29:12-08:00 INFO (6): Working on moudule Module
2016-12-14T08:29:12-08:00 INFO (6): Install database file: /var/www/html/camper.pacificnm.com/module/Module/sql/module.sql
2016-12-14T08:29:12-08:00 INFO (6): Working on moudule Page
2016-12-14T08:29:12-08:00 INFO (6): Install database file: /var/www/html/camper.pacificnm.com/module/Page/sql/page.sql
2016-12-14T08:29:12-08:00 INFO (6): Working on moudule Solar
2016-12-14T08:29:12-08:00 INFO (6): Working on moudule Update
2016-12-14T08:29:12-08:00 INFO (6): Done with database updates
2016-12-14T08:29:12-08:00 INFO (6): Install ACLS
2016-12-14T08:29:12-08:00 INFO (6): Done installing ACLS
2016-12-14T08:29:12-08:00 INFO (6): Install Pages
2016-12-14T08:29:12-08:00 INFO (6): Install Menu
2016-12-14T08:29:12-08:00 INFO (6): Completed Installing Menu
2016-12-14T08:29:12-08:00 INFO (6): Done with module updates
2016-12-14T08:29:12-08:00 INFO (6): Comleted Update at 12/14/2016 08:29 am
2016-12-14T08:30:12-08:00 INFO (6): Start Update at 12/14/2016 08:30 am
2016-12-14T08:30:12-08:00 INFO (6): Working on moudule Acl
2016-12-14T08:30:12-08:00 INFO (6): Install database file: /var/www/html/camper.pacificnm.com/module/AclResource/sql/acl_resource.sql
2016-12-14T08:30:12-08:00 INFO (6): Install database file: /var/www/html/camper.pacificnm.com/module/AclRole/sql/acl_role.sql
2016-12-14T08:30:12-08:00 INFO (6): Install database file: /var/www/html/camper.pacificnm.com/module/Acl/sql/acl.sql
2016-12-14T08:30:12-08:00 INFO (6): Working on moudule AclResource
2016-12-14T08:30:12-08:00 INFO (6): Install database file: /var/www/html/camper.pacificnm.com/module/AclResource/sql/acl_resource.sql
2016-12-14T08:30:12-08:00 INFO (6): Working on moudule AclRole
2016-12-14T08:30:12-08:00 INFO (6): Install database file: /var/www/html/camper.pacificnm.com/module/AclRole/sql/acl_role.sql
2016-12-14T08:30:12-08:00 INFO (6): Working on moudule Admin
2016-12-14T08:30:12-08:00 INFO (6): Working on moudule Application
2016-12-14T08:30:12-08:00 INFO (6): Working on moudule Auth
2016-12-14T08:30:12-08:00 INFO (6): Install database file: /var/www/html/camper.pacificnm.com/module/Auth/sql/auth.sql
2016-12-14T08:30:12-08:00 INFO (6): Working on moudule Battery
2016-12-14T08:30:12-08:00 ERR (3): Failed to open /var/www/html/camper.pacificnm.com/module/Battery/sql/battery.sql
2016-12-14T08:30:12-08:00 INFO (6): Working on moudule Config
2016-12-14T08:30:12-08:00 INFO (6): Install database file: /var/www/html/camper.pacificnm.com/module/Config/sql/config.sql
2016-12-14T08:30:12-08:00 INFO (6): Working on moudule Cron
2016-12-14T08:30:12-08:00 INFO (6): Install database file: /var/www/html/camper.pacificnm.com/module/Cron/sql/cron.sql
2016-12-14T08:30:12-08:00 INFO (6): Working on moudule Install
2016-12-14T08:30:12-08:00 INFO (6): Working on moudule Load
2016-12-14T08:30:12-08:00 ERR (3): Failed to open /var/www/html/camper.pacificnm.com/module/Load/sql/load.sql
2016-12-14T08:30:12-08:00 INFO (6): Working on moudule Menu
2016-12-14T08:30:12-08:00 INFO (6): Install database file: /var/www/html/camper.pacificnm.com/module/Menu/sql/menu.sql
2016-12-14T08:30:12-08:00 INFO (6): Working on moudule MenuItem
2016-12-14T08:30:12-08:00 ERR (3): Failed to open /var/www/html/camper.pacificnm.com/module/MenuItem/sql/menu_item.sql
2016-12-14T08:30:12-08:00 INFO (6): Working on moudule Module
2016-12-14T08:30:12-08:00 INFO (6): Install database file: /var/www/html/camper.pacificnm.com/module/Module/sql/module.sql
2016-12-14T08:30:12-08:00 INFO (6): Working on moudule Page
2016-12-14T08:30:12-08:00 INFO (6): Install database file: /var/www/html/camper.pacificnm.com/module/Page/sql/page.sql
2016-12-14T08:30:12-08:00 INFO (6): Working on moudule Solar
2016-12-14T08:30:12-08:00 INFO (6): Working on moudule Update
2016-12-14T08:30:12-08:00 INFO (6): Done with database updates
2016-12-14T08:30:12-08:00 INFO (6): Install ACLS
2016-12-14T08:30:12-08:00 INFO (6): Done installing ACLS
2016-12-14T08:30:12-08:00 INFO (6): Install Pages
2016-12-14T08:30:12-08:00 INFO (6): Install Menu
2016-12-14T08:30:12-08:00 INFO (6): Installed menu item Menu
2016-12-14T08:30:12-08:00 INFO (6): Completed Installing Menu
2016-12-14T08:30:12-08:00 INFO (6): Done with module updates
2016-12-14T08:30:12-08:00 INFO (6): Comleted Update at 12/14/2016 08:30 am
2016-12-14T08:37:35-08:00 INFO (6): Start Update at 12/14/2016 08:37 am
2016-12-14T08:37:35-08:00 INFO (6): Working on moudule Acl
2016-12-14T08:37:35-08:00 INFO (6): Install database file: /var/www/html/camper.pacificnm.com/module/AclResource/sql/acl_resource.sql
2016-12-14T08:37:35-08:00 INFO (6): Install database file: /var/www/html/camper.pacificnm.com/module/AclRole/sql/acl_role.sql
2016-12-14T08:37:35-08:00 INFO (6): Install database file: /var/www/html/camper.pacificnm.com/module/Acl/sql/acl.sql
2016-12-14T08:37:35-08:00 INFO (6): Working on moudule AclResource
2016-12-14T08:37:35-08:00 INFO (6): Install database file: /var/www/html/camper.pacificnm.com/module/AclResource/sql/acl_resource.sql
2016-12-14T08:37:35-08:00 INFO (6): Working on moudule AclRole
2016-12-14T08:37:35-08:00 INFO (6): Install database file: /var/www/html/camper.pacificnm.com/module/AclRole/sql/acl_role.sql
2016-12-14T08:37:35-08:00 INFO (6): Working on moudule Admin
2016-12-14T08:37:35-08:00 INFO (6): Working on moudule Application
2016-12-14T08:37:35-08:00 INFO (6): Working on moudule Auth
2016-12-14T08:37:35-08:00 INFO (6): Install database file: /var/www/html/camper.pacificnm.com/module/Auth/sql/auth.sql
2016-12-14T08:37:35-08:00 INFO (6): Working on moudule Battery
2016-12-14T08:37:35-08:00 ERR (3): Failed to open /var/www/html/camper.pacificnm.com/module/Battery/sql/battery.sql
2016-12-14T08:37:35-08:00 INFO (6): Working on moudule Config
2016-12-14T08:37:35-08:00 INFO (6): Install database file: /var/www/html/camper.pacificnm.com/module/Config/sql/config.sql
2016-12-14T08:37:35-08:00 INFO (6): Working on moudule Cron
2016-12-14T08:37:35-08:00 INFO (6): Install database file: /var/www/html/camper.pacificnm.com/module/Cron/sql/cron.sql
2016-12-14T08:37:35-08:00 INFO (6): Working on moudule Install
2016-12-14T08:37:35-08:00 INFO (6): Working on moudule Load
2016-12-14T08:37:35-08:00 ERR (3): Failed to open /var/www/html/camper.pacificnm.com/module/Load/sql/load.sql
2016-12-14T08:37:35-08:00 INFO (6): Working on moudule Menu
2016-12-14T08:37:35-08:00 INFO (6): Install database file: /var/www/html/camper.pacificnm.com/module/Menu/sql/menu.sql
2016-12-14T08:37:35-08:00 INFO (6): Working on moudule MenuItem
2016-12-14T08:37:35-08:00 ERR (3): Failed to open /var/www/html/camper.pacificnm.com/module/MenuItem/sql/menu_item.sql
2016-12-14T08:37:35-08:00 INFO (6): Working on moudule Module
2016-12-14T08:37:35-08:00 INFO (6): Install database file: /var/www/html/camper.pacificnm.com/module/Module/sql/module.sql
2016-12-14T08:37:35-08:00 INFO (6): Working on moudule Page
2016-12-14T08:37:35-08:00 INFO (6): Install database file: /var/www/html/camper.pacificnm.com/module/Page/sql/page.sql
2016-12-14T08:37:35-08:00 INFO (6): Working on moudule Solar
2016-12-14T08:37:35-08:00 INFO (6): Working on moudule Update
2016-12-14T08:37:35-08:00 INFO (6): Done with database updates
2016-12-14T08:37:35-08:00 INFO (6): Install ACLS
2016-12-14T08:37:35-08:00 INFO (6): Done installing ACLS
2016-12-14T08:37:35-08:00 INFO (6): Install Pages
2016-12-14T08:37:35-08:00 INFO (6): Install Menu
2016-12-14T08:37:35-08:00 INFO (6): Completed Installing Menu
2016-12-14T08:37:35-08:00 INFO (6): Done with module updates
2016-12-14T08:37:35-08:00 INFO (6): Comleted Update at 12/14/2016 08:37 am
2016-12-14T08:38:19-08:00 INFO (6): Start Update at 12/14/2016 08:38 am
2016-12-14T08:38:19-08:00 INFO (6): Working on moudule Acl
2016-12-14T08:38:19-08:00 INFO (6): Install database file: /var/www/html/camper.pacificnm.com/module/AclResource/sql/acl_resource.sql
2016-12-14T08:38:19-08:00 INFO (6): Install database file: /var/www/html/camper.pacificnm.com/module/AclRole/sql/acl_role.sql
2016-12-14T08:38:19-08:00 INFO (6): Install database file: /var/www/html/camper.pacificnm.com/module/Acl/sql/acl.sql
2016-12-14T08:38:19-08:00 INFO (6): Working on moudule AclResource
2016-12-14T08:38:19-08:00 INFO (6): Install database file: /var/www/html/camper.pacificnm.com/module/AclResource/sql/acl_resource.sql
2016-12-14T08:38:19-08:00 INFO (6): Working on moudule AclRole
2016-12-14T08:38:19-08:00 INFO (6): Install database file: /var/www/html/camper.pacificnm.com/module/AclRole/sql/acl_role.sql
2016-12-14T08:38:19-08:00 INFO (6): Working on moudule Admin
2016-12-14T08:38:19-08:00 INFO (6): Working on moudule Application
2016-12-14T08:38:19-08:00 INFO (6): Working on moudule Auth
2016-12-14T08:38:19-08:00 INFO (6): Install database file: /var/www/html/camper.pacificnm.com/module/Auth/sql/auth.sql
2016-12-14T08:38:19-08:00 INFO (6): Working on moudule Battery
2016-12-14T08:38:19-08:00 ERR (3): Failed to open /var/www/html/camper.pacificnm.com/module/Battery/sql/battery.sql
2016-12-14T08:38:19-08:00 INFO (6): Working on moudule Config
2016-12-14T08:38:19-08:00 INFO (6): Install database file: /var/www/html/camper.pacificnm.com/module/Config/sql/config.sql
2016-12-14T08:38:19-08:00 INFO (6): Working on moudule Cron
2016-12-14T08:38:19-08:00 INFO (6): Install database file: /var/www/html/camper.pacificnm.com/module/Cron/sql/cron.sql
2016-12-14T08:38:19-08:00 INFO (6): Working on moudule Install
2016-12-14T08:38:19-08:00 INFO (6): Working on moudule Load
2016-12-14T08:38:19-08:00 ERR (3): Failed to open /var/www/html/camper.pacificnm.com/module/Load/sql/load.sql
2016-12-14T08:38:19-08:00 INFO (6): Working on moudule Menu
2016-12-14T08:38:19-08:00 INFO (6): Install database file: /var/www/html/camper.pacificnm.com/module/Menu/sql/menu.sql
2016-12-14T08:38:19-08:00 INFO (6): Working on moudule MenuItem
2016-12-14T08:38:19-08:00 ERR (3): Failed to open /var/www/html/camper.pacificnm.com/module/MenuItem/sql/menu_item.sql
2016-12-14T08:38:19-08:00 INFO (6): Working on moudule Module
2016-12-14T08:38:19-08:00 INFO (6): Install database file: /var/www/html/camper.pacificnm.com/module/Module/sql/module.sql
2016-12-14T08:38:19-08:00 INFO (6): Working on moudule Page
2016-12-14T08:38:19-08:00 INFO (6): Install database file: /var/www/html/camper.pacificnm.com/module/Page/sql/page.sql
2016-12-14T08:38:19-08:00 INFO (6): Working on moudule Solar
2016-12-14T08:38:19-08:00 INFO (6): Working on moudule Update
2016-12-14T08:38:19-08:00 INFO (6): Done with database updates
2016-12-14T08:38:19-08:00 INFO (6): Install ACLS
2016-12-14T08:38:19-08:00 INFO (6): Done installing ACLS
2016-12-14T08:38:19-08:00 INFO (6): Install Pages
2016-12-14T08:38:19-08:00 INFO (6): Install Menu
2016-12-14T08:38:19-08:00 INFO (6): Completed Installing Menu
2016-12-14T08:38:19-08:00 INFO (6): Done with module updates
2016-12-14T08:38:19-08:00 INFO (6): Comleted Update at 12/14/2016 08:38 am
2016-12-14T08:38:42-08:00 INFO (6): Start Update at 12/14/2016 08:38 am
2016-12-14T08:38:42-08:00 INFO (6): Working on moudule Acl
2016-12-14T08:38:42-08:00 INFO (6): Install database file: /var/www/html/camper.pacificnm.com/module/AclResource/sql/acl_resource.sql
2016-12-14T08:38:42-08:00 INFO (6): Install database file: /var/www/html/camper.pacificnm.com/module/AclRole/sql/acl_role.sql
2016-12-14T08:38:42-08:00 INFO (6): Install database file: /var/www/html/camper.pacificnm.com/module/Acl/sql/acl.sql
2016-12-14T08:38:42-08:00 INFO (6): Working on moudule AclResource
2016-12-14T08:38:42-08:00 INFO (6): Install database file: /var/www/html/camper.pacificnm.com/module/AclResource/sql/acl_resource.sql
2016-12-14T08:38:42-08:00 INFO (6): Working on moudule AclRole
2016-12-14T08:38:42-08:00 INFO (6): Install database file: /var/www/html/camper.pacificnm.com/module/AclRole/sql/acl_role.sql
2016-12-14T08:38:42-08:00 INFO (6): Working on moudule Admin
2016-12-14T08:38:42-08:00 INFO (6): Working on moudule Application
2016-12-14T08:38:42-08:00 INFO (6): Working on moudule Auth
2016-12-14T08:38:42-08:00 INFO (6): Install database file: /var/www/html/camper.pacificnm.com/module/Auth/sql/auth.sql
2016-12-14T08:38:42-08:00 INFO (6): Working on moudule Battery
2016-12-14T08:38:42-08:00 ERR (3): Failed to open /var/www/html/camper.pacificnm.com/module/Battery/sql/battery.sql
2016-12-14T08:38:42-08:00 INFO (6): Working on moudule Config
2016-12-14T08:38:42-08:00 INFO (6): Install database file: /var/www/html/camper.pacificnm.com/module/Config/sql/config.sql
2016-12-14T08:38:42-08:00 INFO (6): Working on moudule Cron
2016-12-14T08:38:42-08:00 INFO (6): Install database file: /var/www/html/camper.pacificnm.com/module/Cron/sql/cron.sql
2016-12-14T08:38:42-08:00 INFO (6): Working on moudule Install
2016-12-14T08:38:42-08:00 INFO (6): Working on moudule Load
2016-12-14T08:38:42-08:00 ERR (3): Failed to open /var/www/html/camper.pacificnm.com/module/Load/sql/load.sql
2016-12-14T08:38:42-08:00 INFO (6): Working on moudule Menu
2016-12-14T08:38:42-08:00 INFO (6): Install database file: /var/www/html/camper.pacificnm.com/module/Menu/sql/menu.sql
2016-12-14T08:38:42-08:00 INFO (6): Working on moudule MenuItem
2016-12-14T08:38:42-08:00 ERR (3): Failed to open /var/www/html/camper.pacificnm.com/module/MenuItem/sql/menu_item.sql
2016-12-14T08:38:42-08:00 INFO (6): Working on moudule Module
2016-12-14T08:38:42-08:00 INFO (6): Install database file: /var/www/html/camper.pacificnm.com/module/Module/sql/module.sql
2016-12-14T08:38:42-08:00 INFO (6): Working on moudule Page
2016-12-14T08:38:42-08:00 INFO (6): Install database file: /var/www/html/camper.pacificnm.com/module/Page/sql/page.sql
2016-12-14T08:38:42-08:00 INFO (6): Working on moudule Solar
2016-12-14T08:38:42-08:00 INFO (6): Working on moudule Update
2016-12-14T08:38:42-08:00 INFO (6): Done with database updates
2016-12-14T08:38:42-08:00 INFO (6): Install ACLS
2016-12-14T08:38:42-08:00 INFO (6): Done installing ACLS
2016-12-14T08:38:42-08:00 INFO (6): Install Pages
2016-12-14T08:38:42-08:00 INFO (6): Install Menu
2016-12-14T08:38:42-08:00 INFO (6): Completed Installing Menu
2016-12-14T08:38:42-08:00 INFO (6): Done with module updates
2016-12-14T08:38:42-08:00 INFO (6): Comleted Update at 12/14/2016 08:38 am
2016-12-14T08:44:14-08:00 INFO (6): Start Update at 12/14/2016 08:44 am
2016-12-14T08:44:14-08:00 INFO (6): Working on moudule Acl
2016-12-14T08:44:14-08:00 INFO (6): Install database file: /var/www/html/camper.pacificnm.com/module/AclResource/sql/acl_resource.sql
2016-12-14T08:44:14-08:00 INFO (6): Install database file: /var/www/html/camper.pacificnm.com/module/AclRole/sql/acl_role.sql
2016-12-14T08:44:14-08:00 INFO (6): Install database file: /var/www/html/camper.pacificnm.com/module/Acl/sql/acl.sql
2016-12-14T08:44:14-08:00 INFO (6): Working on moudule AclResource
2016-12-14T08:44:14-08:00 INFO (6): Install database file: /var/www/html/camper.pacificnm.com/module/AclResource/sql/acl_resource.sql
2016-12-14T08:44:14-08:00 INFO (6): Working on moudule AclRole
2016-12-14T08:44:14-08:00 INFO (6): Install database file: /var/www/html/camper.pacificnm.com/module/AclRole/sql/acl_role.sql
2016-12-14T08:44:14-08:00 INFO (6): Working on moudule Admin
2016-12-14T08:44:14-08:00 INFO (6): Working on moudule Application
2016-12-14T08:44:14-08:00 INFO (6): Working on moudule Auth
2016-12-14T08:44:14-08:00 INFO (6): Install database file: /var/www/html/camper.pacificnm.com/module/Auth/sql/auth.sql
2016-12-14T08:44:14-08:00 INFO (6): Working on moudule Battery
2016-12-14T08:44:14-08:00 ERR (3): Failed to open /var/www/html/camper.pacificnm.com/module/Battery/sql/battery.sql
2016-12-14T08:44:14-08:00 INFO (6): Working on moudule Config
2016-12-14T08:44:14-08:00 INFO (6): Install database file: /var/www/html/camper.pacificnm.com/module/Config/sql/config.sql
2016-12-14T08:44:14-08:00 INFO (6): Working on moudule Cron
2016-12-14T08:44:14-08:00 INFO (6): Install database file: /var/www/html/camper.pacificnm.com/module/Cron/sql/cron.sql
2016-12-14T08:44:14-08:00 INFO (6): Working on moudule Install
2016-12-14T08:44:14-08:00 INFO (6): Working on moudule Load
2016-12-14T08:44:14-08:00 ERR (3): Failed to open /var/www/html/camper.pacificnm.com/module/Load/sql/load.sql
2016-12-14T08:44:14-08:00 INFO (6): Working on moudule Menu
2016-12-14T08:44:14-08:00 INFO (6): Install database file: /var/www/html/camper.pacificnm.com/module/Menu/sql/menu.sql
2016-12-14T08:44:14-08:00 INFO (6): Working on moudule MenuItem
2016-12-14T08:44:14-08:00 ERR (3): Failed to open /var/www/html/camper.pacificnm.com/module/MenuItem/sql/menu_item.sql
2016-12-14T08:44:14-08:00 INFO (6): Working on moudule Module
2016-12-14T08:44:14-08:00 INFO (6): Install database file: /var/www/html/camper.pacificnm.com/module/Module/sql/module.sql
2016-12-14T08:44:14-08:00 INFO (6): Working on moudule Page
2016-12-14T08:44:14-08:00 INFO (6): Install database file: /var/www/html/camper.pacificnm.com/module/Page/sql/page.sql
2016-12-14T08:44:14-08:00 INFO (6): Working on moudule Solar
2016-12-14T08:44:14-08:00 INFO (6): Working on moudule Update
2016-12-14T08:44:14-08:00 INFO (6): Done with database updates
2016-12-14T08:44:14-08:00 INFO (6): Install ACLS
2016-12-14T08:44:14-08:00 INFO (6): Done installing ACLS
2016-12-14T08:44:14-08:00 INFO (6): Install Pages
2016-12-14T08:44:14-08:00 INFO (6): Install Menu
2016-12-14T08:44:14-08:00 INFO (6): Completed Installing Menu
2016-12-14T08:44:14-08:00 INFO (6): Done with module updates
2016-12-14T08:44:14-08:00 INFO (6): Comleted Update at 12/14/2016 08:44 am
2016-12-14T08:44:42-08:00 INFO (6): Start Update at 12/14/2016 08:44 am
2016-12-14T08:44:42-08:00 INFO (6): Working on moudule Acl
2016-12-14T08:44:42-08:00 INFO (6): Install database file: /var/www/html/camper.pacificnm.com/module/AclResource/sql/acl_resource.sql
2016-12-14T08:44:42-08:00 INFO (6): Install database file: /var/www/html/camper.pacificnm.com/module/AclRole/sql/acl_role.sql
2016-12-14T08:44:42-08:00 INFO (6): Install database file: /var/www/html/camper.pacificnm.com/module/Acl/sql/acl.sql
2016-12-14T08:44:42-08:00 INFO (6): Working on moudule AclResource
2016-12-14T08:44:42-08:00 INFO (6): Install database file: /var/www/html/camper.pacificnm.com/module/AclResource/sql/acl_resource.sql
2016-12-14T08:44:42-08:00 INFO (6): Working on moudule AclRole
2016-12-14T08:44:42-08:00 INFO (6): Install database file: /var/www/html/camper.pacificnm.com/module/AclRole/sql/acl_role.sql
2016-12-14T08:44:42-08:00 INFO (6): Working on moudule Admin
2016-12-14T08:44:42-08:00 INFO (6): Working on moudule Application
2016-12-14T08:44:42-08:00 INFO (6): Working on moudule Auth
2016-12-14T08:44:42-08:00 INFO (6): Install database file: /var/www/html/camper.pacificnm.com/module/Auth/sql/auth.sql
2016-12-14T08:44:42-08:00 INFO (6): Working on moudule Battery
2016-12-14T08:44:42-08:00 ERR (3): Failed to open /var/www/html/camper.pacificnm.com/module/Battery/sql/battery.sql
2016-12-14T08:44:42-08:00 INFO (6): Working on moudule Config
2016-12-14T08:44:42-08:00 INFO (6): Install database file: /var/www/html/camper.pacificnm.com/module/Config/sql/config.sql
2016-12-14T08:44:42-08:00 INFO (6): Working on moudule Cron
2016-12-14T08:44:42-08:00 INFO (6): Install database file: /var/www/html/camper.pacificnm.com/module/Cron/sql/cron.sql
2016-12-14T08:44:42-08:00 INFO (6): Working on moudule Install
2016-12-14T08:44:42-08:00 INFO (6): Working on moudule Load
2016-12-14T08:44:42-08:00 ERR (3): Failed to open /var/www/html/camper.pacificnm.com/module/Load/sql/load.sql
2016-12-14T08:44:42-08:00 INFO (6): Working on moudule Menu
2016-12-14T08:44:42-08:00 INFO (6): Install database file: /var/www/html/camper.pacificnm.com/module/Menu/sql/menu.sql
2016-12-14T08:44:42-08:00 INFO (6): Working on moudule MenuItem
2016-12-14T08:44:42-08:00 ERR (3): Failed to open /var/www/html/camper.pacificnm.com/module/MenuItem/sql/menu_item.sql
2016-12-14T08:44:42-08:00 INFO (6): Working on moudule Module
2016-12-14T08:44:42-08:00 INFO (6): Install database file: /var/www/html/camper.pacificnm.com/module/Module/sql/module.sql
2016-12-14T08:44:42-08:00 INFO (6): Working on moudule Page
2016-12-14T08:44:42-08:00 INFO (6): Install database file: /var/www/html/camper.pacificnm.com/module/Page/sql/page.sql
2016-12-14T08:44:42-08:00 INFO (6): Working on moudule Solar
2016-12-14T08:44:42-08:00 INFO (6): Working on moudule Update
2016-12-14T08:44:42-08:00 INFO (6): Done with database updates
2016-12-14T08:44:42-08:00 INFO (6): Install ACLS
2016-12-14T08:44:42-08:00 INFO (6): Done installing ACLS
2016-12-14T08:44:42-08:00 INFO (6): Install Pages
2016-12-14T08:44:42-08:00 INFO (6): Install Menu
2016-12-14T08:44:42-08:00 INFO (6): Completed Installing Menu
2016-12-14T08:44:42-08:00 INFO (6): Done with module updates
2016-12-14T08:44:42-08:00 INFO (6): Comleted Update at 12/14/2016 08:44 am
2016-12-14T16:44:58-08:00 INFO (6): Start Update at 12/14/2016 04:44 pm
2016-12-14T16:44:58-08:00 INFO (6): Working on moudule Acl
2016-12-14T16:44:58-08:00 INFO (6): Install database file: /var/www/html/camper.pacificnm.com/module/AclResource/sql/acl_resource.sql
2016-12-14T16:44:58-08:00 INFO (6): Install database file: /var/www/html/camper.pacificnm.com/module/AclRole/sql/acl_role.sql
2016-12-14T16:44:58-08:00 INFO (6): Install database file: /var/www/html/camper.pacificnm.com/module/Acl/sql/acl.sql
2016-12-14T16:44:58-08:00 INFO (6): Working on moudule AclResource
2016-12-14T16:44:58-08:00 INFO (6): Install database file: /var/www/html/camper.pacificnm.com/module/AclResource/sql/acl_resource.sql
2016-12-14T16:44:58-08:00 INFO (6): Working on moudule AclRole
2016-12-14T16:44:58-08:00 INFO (6): Install database file: /var/www/html/camper.pacificnm.com/module/AclRole/sql/acl_role.sql
2016-12-14T16:44:58-08:00 INFO (6): Working on moudule Admin
2016-12-14T16:44:58-08:00 INFO (6): Working on moudule Application
2016-12-14T16:44:58-08:00 INFO (6): Working on moudule Auth
2016-12-14T16:44:58-08:00 INFO (6): Install database file: /var/www/html/camper.pacificnm.com/module/Auth/sql/auth.sql
2016-12-14T16:44:58-08:00 INFO (6): Working on moudule Battery
2016-12-14T16:44:58-08:00 ERR (3): Failed to open /var/www/html/camper.pacificnm.com/module/Battery/sql/battery.sql
2016-12-14T16:44:58-08:00 INFO (6): Working on moudule Config
2016-12-14T16:44:58-08:00 INFO (6): Install database file: /var/www/html/camper.pacificnm.com/module/Config/sql/config.sql
2016-12-14T16:44:58-08:00 INFO (6): Working on moudule Cron
2016-12-14T16:44:58-08:00 INFO (6): Install database file: /var/www/html/camper.pacificnm.com/module/Cron/sql/cron.sql
2016-12-14T16:44:58-08:00 INFO (6): Working on moudule Install
2016-12-14T16:44:58-08:00 INFO (6): Working on moudule Load
2016-12-14T16:44:58-08:00 ERR (3): Failed to open /var/www/html/camper.pacificnm.com/module/Load/sql/load.sql
2016-12-14T16:44:58-08:00 INFO (6): Working on moudule Menu
2016-12-14T16:44:58-08:00 INFO (6): Install database file: /var/www/html/camper.pacificnm.com/module/Menu/sql/menu.sql
2016-12-14T16:44:58-08:00 INFO (6): Working on moudule MenuItem
2016-12-14T16:44:58-08:00 ERR (3): Failed to open /var/www/html/camper.pacificnm.com/module/MenuItem/sql/menu_item.sql
2016-12-14T16:44:58-08:00 INFO (6): Working on moudule Module
2016-12-14T16:44:58-08:00 INFO (6): Install database file: /var/www/html/camper.pacificnm.com/module/Module/sql/module.sql
2016-12-14T16:44:58-08:00 INFO (6): Working on moudule Page
2016-12-14T16:44:58-08:00 INFO (6): Install database file: /var/www/html/camper.pacificnm.com/module/Page/sql/page.sql
2016-12-14T16:44:58-08:00 INFO (6): Working on moudule Solar
2016-12-14T16:44:58-08:00 INFO (6): Working on moudule Update
2016-12-14T16:44:58-08:00 INFO (6): Done with database updates
2016-12-14T16:44:58-08:00 INFO (6): Install ACLS
2016-12-14T16:44:58-08:00 INFO (6): Done installing ACLS
2016-12-14T16:44:58-08:00 INFO (6): Install Pages
2016-12-14T16:44:58-08:00 INFO (6): Install Menu
2016-12-14T16:44:58-08:00 INFO (6): Completed Installing Menu
2016-12-14T16:44:58-08:00 INFO (6): Done with module updates
2016-12-14T16:44:58-08:00 INFO (6): Comleted Update at 12/14/2016 04:44 pm
2016-12-14T16:47:37-08:00 INFO (6): Start Update at 12/14/2016 04:47 pm
2016-12-14T16:47:37-08:00 INFO (6): Working on moudule Acl
2016-12-14T16:47:37-08:00 INFO (6): Install database file: /var/www/html/camper.pacificnm.com/module/AclResource/sql/acl_resource.sql
2016-12-14T16:47:37-08:00 INFO (6): Install database file: /var/www/html/camper.pacificnm.com/module/AclRole/sql/acl_role.sql
2016-12-14T16:47:37-08:00 INFO (6): Install database file: /var/www/html/camper.pacificnm.com/module/Acl/sql/acl.sql
2016-12-14T16:47:37-08:00 INFO (6): Working on moudule AclResource
2016-12-14T16:47:37-08:00 INFO (6): Install database file: /var/www/html/camper.pacificnm.com/module/AclResource/sql/acl_resource.sql
2016-12-14T16:47:37-08:00 INFO (6): Working on moudule AclRole
2016-12-14T16:47:37-08:00 INFO (6): Install database file: /var/www/html/camper.pacificnm.com/module/AclRole/sql/acl_role.sql
2016-12-14T16:47:37-08:00 INFO (6): Working on moudule Admin
2016-12-14T16:47:37-08:00 INFO (6): Working on moudule Application
2016-12-14T16:47:37-08:00 INFO (6): Working on moudule Auth
2016-12-14T16:47:37-08:00 INFO (6): Install database file: /var/www/html/camper.pacificnm.com/module/Auth/sql/auth.sql
2016-12-14T16:47:37-08:00 INFO (6): Working on moudule Battery
2016-12-14T16:47:37-08:00 ERR (3): Failed to open /var/www/html/camper.pacificnm.com/module/Battery/sql/battery.sql
2016-12-14T16:47:37-08:00 INFO (6): Working on moudule Config
2016-12-14T16:47:37-08:00 INFO (6): Install database file: /var/www/html/camper.pacificnm.com/module/Config/sql/config.sql
2016-12-14T16:47:37-08:00 INFO (6): Working on moudule Cron
2016-12-14T16:47:37-08:00 INFO (6): Install database file: /var/www/html/camper.pacificnm.com/module/Cron/sql/cron.sql
2016-12-14T16:47:37-08:00 INFO (6): Working on moudule Install
2016-12-14T16:47:37-08:00 INFO (6): Working on moudule Load
2016-12-14T16:47:37-08:00 ERR (3): Failed to open /var/www/html/camper.pacificnm.com/module/Load/sql/load.sql
2016-12-14T16:47:37-08:00 INFO (6): Working on moudule Menu
2016-12-14T16:47:37-08:00 INFO (6): Install database file: /var/www/html/camper.pacificnm.com/module/Menu/sql/menu.sql
2016-12-14T16:47:37-08:00 INFO (6): Working on moudule MenuItem
2016-12-14T16:47:37-08:00 ERR (3): Failed to open /var/www/html/camper.pacificnm.com/module/MenuItem/sql/menu_item.sql
2016-12-14T16:47:37-08:00 INFO (6): Working on moudule Module
2016-12-14T16:47:37-08:00 INFO (6): Install database file: /var/www/html/camper.pacificnm.com/module/Module/sql/module.sql
2016-12-14T16:47:37-08:00 INFO (6): Working on moudule Page
2016-12-14T16:47:37-08:00 INFO (6): Install database file: /var/www/html/camper.pacificnm.com/module/Page/sql/page.sql
2016-12-14T16:47:37-08:00 INFO (6): Working on moudule Solar
2016-12-14T16:47:37-08:00 INFO (6): Working on moudule Update
2016-12-14T16:47:37-08:00 INFO (6): Done with database updates
2016-12-14T16:47:37-08:00 INFO (6): Install ACLS
2016-12-14T16:47:37-08:00 INFO (6): Done installing ACLS
2016-12-14T16:47:37-08:00 INFO (6): Install Pages
2016-12-14T16:47:37-08:00 INFO (6): Install Menu
2016-12-14T16:47:37-08:00 INFO (6): Completed Installing Menu
2016-12-14T16:47:37-08:00 INFO (6): Done with module updates
2016-12-14T16:47:37-08:00 INFO (6): Comleted Update at 12/14/2016 04:47 pm
2016-12-14T16:47:55-08:00 INFO (6): Start Update at 12/14/2016 04:47 pm
2016-12-14T16:47:55-08:00 INFO (6): Working on moudule Acl
2016-12-14T16:47:55-08:00 INFO (6): Install database file: /var/www/html/camper.pacificnm.com/module/AclResource/sql/acl_resource.sql
2016-12-14T16:47:55-08:00 INFO (6): Install database file: /var/www/html/camper.pacificnm.com/module/AclRole/sql/acl_role.sql
2016-12-14T16:47:55-08:00 INFO (6): Install database file: /var/www/html/camper.pacificnm.com/module/Acl/sql/acl.sql
2016-12-14T16:47:55-08:00 INFO (6): Working on moudule AclResource
2016-12-14T16:47:55-08:00 INFO (6): Install database file: /var/www/html/camper.pacificnm.com/module/AclResource/sql/acl_resource.sql
2016-12-14T16:47:55-08:00 INFO (6): Working on moudule AclRole
2016-12-14T16:47:55-08:00 INFO (6): Install database file: /var/www/html/camper.pacificnm.com/module/AclRole/sql/acl_role.sql
2016-12-14T16:47:55-08:00 INFO (6): Working on moudule Admin
2016-12-14T16:47:55-08:00 INFO (6): Working on moudule Application
2016-12-14T16:47:55-08:00 INFO (6): Working on moudule Auth
2016-12-14T16:47:55-08:00 INFO (6): Install database file: /var/www/html/camper.pacificnm.com/module/Auth/sql/auth.sql
2016-12-14T16:47:55-08:00 INFO (6): Working on moudule Battery
2016-12-14T16:47:55-08:00 ERR (3): Failed to open /var/www/html/camper.pacificnm.com/module/Battery/sql/battery.sql
2016-12-14T16:47:55-08:00 INFO (6): Working on moudule Config
2016-12-14T16:47:55-08:00 INFO (6): Install database file: /var/www/html/camper.pacificnm.com/module/Config/sql/config.sql
2016-12-14T16:47:55-08:00 INFO (6): Working on moudule Cron
2016-12-14T16:47:55-08:00 INFO (6): Install database file: /var/www/html/camper.pacificnm.com/module/Cron/sql/cron.sql
2016-12-14T16:47:55-08:00 INFO (6): Working on moudule Install
2016-12-14T16:47:55-08:00 INFO (6): Working on moudule Load
2016-12-14T16:47:55-08:00 ERR (3): Failed to open /var/www/html/camper.pacificnm.com/module/Load/sql/load.sql
2016-12-14T16:47:55-08:00 INFO (6): Working on moudule Menu
2016-12-14T16:47:55-08:00 INFO (6): Install database file: /var/www/html/camper.pacificnm.com/module/Menu/sql/menu.sql
2016-12-14T16:47:55-08:00 INFO (6): Working on moudule MenuItem
2016-12-14T16:47:55-08:00 ERR (3): Failed to open /var/www/html/camper.pacificnm.com/module/MenuItem/sql/menu_item.sql
2016-12-14T16:47:55-08:00 INFO (6): Working on moudule Module
2016-12-14T16:47:55-08:00 INFO (6): Install database file: /var/www/html/camper.pacificnm.com/module/Module/sql/module.sql
2016-12-14T16:47:55-08:00 INFO (6): Working on moudule Page
2016-12-14T16:47:55-08:00 INFO (6): Install database file: /var/www/html/camper.pacificnm.com/module/Page/sql/page.sql
2016-12-14T16:47:55-08:00 INFO (6): Working on moudule Solar
2016-12-14T16:47:55-08:00 INFO (6): Working on moudule Update
2016-12-14T16:47:55-08:00 INFO (6): Done with database updates
2016-12-14T16:47:55-08:00 INFO (6): Install ACLS
2016-12-14T16:47:55-08:00 INFO (6): Done installing ACLS
2016-12-14T16:47:55-08:00 INFO (6): Install Pages
2016-12-14T16:47:55-08:00 INFO (6): Install Menu
2016-12-14T16:47:55-08:00 INFO (6): Completed Installing Menu
2016-12-14T16:47:55-08:00 INFO (6): Done with module updates
2016-12-14T16:47:55-08:00 INFO (6): Comleted Update at 12/14/2016 04:47 pm
2016-12-14T16:48:44-08:00 INFO (6): Start Update at 12/14/2016 04:48 pm
2016-12-14T16:48:44-08:00 INFO (6): Working on moudule Acl
2016-12-14T16:48:44-08:00 INFO (6): Install database file: /var/www/html/camper.pacificnm.com/module/AclResource/sql/acl_resource.sql
2016-12-14T16:48:44-08:00 INFO (6): Install database file: /var/www/html/camper.pacificnm.com/module/AclRole/sql/acl_role.sql
2016-12-14T16:48:44-08:00 INFO (6): Install database file: /var/www/html/camper.pacificnm.com/module/Acl/sql/acl.sql
2016-12-14T16:48:44-08:00 INFO (6): Working on moudule AclResource
2016-12-14T16:48:44-08:00 INFO (6): Install database file: /var/www/html/camper.pacificnm.com/module/AclResource/sql/acl_resource.sql
2016-12-14T16:48:44-08:00 INFO (6): Working on moudule AclRole
2016-12-14T16:48:44-08:00 INFO (6): Install database file: /var/www/html/camper.pacificnm.com/module/AclRole/sql/acl_role.sql
2016-12-14T16:48:44-08:00 INFO (6): Working on moudule Admin
2016-12-14T16:48:44-08:00 INFO (6): Working on moudule Application
2016-12-14T16:48:44-08:00 INFO (6): Working on moudule Auth
2016-12-14T16:48:44-08:00 INFO (6): Install database file: /var/www/html/camper.pacificnm.com/module/Auth/sql/auth.sql
2016-12-14T16:48:44-08:00 INFO (6): Working on moudule Battery
2016-12-14T16:48:44-08:00 ERR (3): Failed to open /var/www/html/camper.pacificnm.com/module/Battery/sql/battery.sql
2016-12-14T16:48:44-08:00 INFO (6): Working on moudule Config
2016-12-14T16:48:44-08:00 INFO (6): Install database file: /var/www/html/camper.pacificnm.com/module/Config/sql/config.sql
2016-12-14T16:48:44-08:00 INFO (6): Working on moudule Cron
2016-12-14T16:48:44-08:00 INFO (6): Install database file: /var/www/html/camper.pacificnm.com/module/Cron/sql/cron.sql
2016-12-14T16:48:44-08:00 INFO (6): Working on moudule Install
2016-12-14T16:48:44-08:00 INFO (6): Working on moudule Load
2016-12-14T16:48:44-08:00 ERR (3): Failed to open /var/www/html/camper.pacificnm.com/module/Load/sql/load.sql
2016-12-14T16:48:44-08:00 INFO (6): Working on moudule Menu
2016-12-14T16:48:44-08:00 INFO (6): Install database file: /var/www/html/camper.pacificnm.com/module/Menu/sql/menu.sql
2016-12-14T16:48:44-08:00 INFO (6): Working on moudule MenuItem
2016-12-14T16:48:44-08:00 ERR (3): Failed to open /var/www/html/camper.pacificnm.com/module/MenuItem/sql/menu_item.sql
2016-12-14T16:48:44-08:00 INFO (6): Working on moudule Module
2016-12-14T16:48:44-08:00 INFO (6): Install database file: /var/www/html/camper.pacificnm.com/module/Module/sql/module.sql
2016-12-14T16:48:44-08:00 INFO (6): Working on moudule Page
2016-12-14T16:48:44-08:00 INFO (6): Install database file: /var/www/html/camper.pacificnm.com/module/Page/sql/page.sql
2016-12-14T16:48:44-08:00 INFO (6): Working on moudule Solar
2016-12-14T16:48:44-08:00 INFO (6): Working on moudule Update
2016-12-14T16:48:44-08:00 INFO (6): Done with database updates
2016-12-14T16:48:44-08:00 INFO (6): Install ACLS
2016-12-14T16:48:44-08:00 INFO (6): Done installing ACLS
2016-12-14T16:48:44-08:00 INFO (6): Install Pages
2016-12-14T16:48:44-08:00 INFO (6): Install Menu
2016-12-14T16:48:44-08:00 INFO (6): Installed menu item Acl
2016-12-14T16:48:44-08:00 INFO (6): Installed menu item Admin
2016-12-14T16:48:44-08:00 INFO (6): Completed Installing Menu
2016-12-14T16:48:44-08:00 INFO (6): Done with module updates
2016-12-14T16:48:44-08:00 INFO (6): Comleted Update at 12/14/2016 04:48 pm
2016-12-14T16:52:05-08:00 INFO (6): Start Update at 12/14/2016 04:52 pm
2016-12-14T16:52:05-08:00 INFO (6): Working on moudule Acl
2016-12-14T16:52:05-08:00 INFO (6): Install database file: /var/www/html/camper.pacificnm.com/module/AclResource/sql/acl_resource.sql
2016-12-14T16:52:05-08:00 INFO (6): Install database file: /var/www/html/camper.pacificnm.com/module/AclRole/sql/acl_role.sql
2016-12-14T16:52:05-08:00 INFO (6): Install database file: /var/www/html/camper.pacificnm.com/module/Acl/sql/acl.sql
2016-12-14T16:52:05-08:00 INFO (6): Working on moudule AclResource
2016-12-14T16:52:05-08:00 INFO (6): Install database file: /var/www/html/camper.pacificnm.com/module/AclResource/sql/acl_resource.sql
2016-12-14T16:52:05-08:00 INFO (6): Working on moudule AclRole
2016-12-14T16:52:05-08:00 INFO (6): Install database file: /var/www/html/camper.pacificnm.com/module/AclRole/sql/acl_role.sql
2016-12-14T16:52:05-08:00 INFO (6): Working on moudule Admin
2016-12-14T16:52:05-08:00 INFO (6): Working on moudule Application
2016-12-14T16:52:05-08:00 INFO (6): Working on moudule Auth
2016-12-14T16:52:05-08:00 INFO (6): Install database file: /var/www/html/camper.pacificnm.com/module/Auth/sql/auth.sql
2016-12-14T16:52:05-08:00 INFO (6): Working on moudule Battery
2016-12-14T16:52:05-08:00 ERR (3): Failed to open /var/www/html/camper.pacificnm.com/module/Battery/sql/battery.sql
2016-12-14T16:52:05-08:00 INFO (6): Working on moudule Config
2016-12-14T16:52:05-08:00 INFO (6): Install database file: /var/www/html/camper.pacificnm.com/module/Config/sql/config.sql
2016-12-14T16:52:05-08:00 INFO (6): Working on moudule Cron
2016-12-14T16:52:05-08:00 INFO (6): Install database file: /var/www/html/camper.pacificnm.com/module/Cron/sql/cron.sql
2016-12-14T16:52:05-08:00 INFO (6): Working on moudule Install
2016-12-14T16:52:05-08:00 INFO (6): Working on moudule Load
2016-12-14T16:52:05-08:00 ERR (3): Failed to open /var/www/html/camper.pacificnm.com/module/Load/sql/load.sql
2016-12-14T16:52:05-08:00 INFO (6): Working on moudule Menu
2016-12-14T16:52:05-08:00 INFO (6): Install database file: /var/www/html/camper.pacificnm.com/module/Menu/sql/menu.sql
2016-12-14T16:52:05-08:00 INFO (6): Working on moudule MenuItem
2016-12-14T16:52:05-08:00 ERR (3): Failed to open /var/www/html/camper.pacificnm.com/module/MenuItem/sql/menu_item.sql
2016-12-14T16:52:05-08:00 INFO (6): Working on moudule Module
2016-12-14T16:52:05-08:00 INFO (6): Install database file: /var/www/html/camper.pacificnm.com/module/Module/sql/module.sql
2016-12-14T16:52:05-08:00 INFO (6): Working on moudule Page
2016-12-14T16:52:05-08:00 INFO (6): Install database file: /var/www/html/camper.pacificnm.com/module/Page/sql/page.sql
2016-12-14T16:52:05-08:00 INFO (6): Working on moudule Solar
2016-12-14T16:52:05-08:00 INFO (6): Working on moudule Update
2016-12-14T16:52:05-08:00 INFO (6): Done with database updates
2016-12-14T16:52:05-08:00 INFO (6): Install ACLS
2016-12-14T16:52:05-08:00 INFO (6): Done installing ACLS
2016-12-14T16:52:05-08:00 INFO (6): Install Pages
2016-12-14T16:52:06-08:00 INFO (6): Install Menu
2016-12-14T16:52:06-08:00 INFO (6): Installed menu item Home
2016-12-14T16:52:06-08:00 INFO (6): Completed Installing Menu
2016-12-14T16:52:06-08:00 INFO (6): Done with module updates
2016-12-14T16:52:06-08:00 INFO (6): Comleted Update at 12/14/2016 04:52 pm
2016-12-14T16:58:31-08:00 INFO (6): Start Update at 12/14/2016 04:58 pm
2016-12-14T16:58:31-08:00 INFO (6): Working on moudule Acl
2016-12-14T16:58:31-08:00 INFO (6): Install database file: /var/www/html/camper.pacificnm.com/module/AclResource/sql/acl_resource.sql
2016-12-14T16:58:31-08:00 INFO (6): Install database file: /var/www/html/camper.pacificnm.com/module/AclRole/sql/acl_role.sql
2016-12-14T16:58:31-08:00 INFO (6): Install database file: /var/www/html/camper.pacificnm.com/module/Acl/sql/acl.sql
2016-12-14T16:58:31-08:00 INFO (6): Working on moudule AclResource
2016-12-14T16:58:31-08:00 INFO (6): Install database file: /var/www/html/camper.pacificnm.com/module/AclResource/sql/acl_resource.sql
2016-12-14T16:58:31-08:00 INFO (6): Working on moudule AclRole
2016-12-14T16:58:31-08:00 INFO (6): Install database file: /var/www/html/camper.pacificnm.com/module/AclRole/sql/acl_role.sql
2016-12-14T16:58:31-08:00 INFO (6): Working on moudule Admin
2016-12-14T16:58:31-08:00 INFO (6): Working on moudule Application
2016-12-14T16:58:31-08:00 INFO (6): Working on moudule Auth
2016-12-14T16:58:31-08:00 INFO (6): Install database file: /var/www/html/camper.pacificnm.com/module/Auth/sql/auth.sql
2016-12-14T16:58:31-08:00 INFO (6): Working on moudule Battery
2016-12-14T16:58:31-08:00 ERR (3): Failed to open /var/www/html/camper.pacificnm.com/module/Battery/sql/battery.sql
2016-12-14T16:58:31-08:00 INFO (6): Working on moudule Config
2016-12-14T16:58:31-08:00 INFO (6): Install database file: /var/www/html/camper.pacificnm.com/module/Config/sql/config.sql
2016-12-14T16:58:31-08:00 INFO (6): Working on moudule Cron
2016-12-14T16:58:31-08:00 INFO (6): Install database file: /var/www/html/camper.pacificnm.com/module/Cron/sql/cron.sql
2016-12-14T16:58:31-08:00 INFO (6): Working on moudule Install
2016-12-14T16:58:31-08:00 INFO (6): Working on moudule Load
2016-12-14T16:58:31-08:00 ERR (3): Failed to open /var/www/html/camper.pacificnm.com/module/Load/sql/load.sql
2016-12-14T16:58:31-08:00 INFO (6): Working on moudule Menu
2016-12-14T16:58:31-08:00 INFO (6): Install database file: /var/www/html/camper.pacificnm.com/module/Menu/sql/menu.sql
2016-12-14T16:58:31-08:00 INFO (6): Working on moudule MenuItem
2016-12-14T16:58:31-08:00 ERR (3): Failed to open /var/www/html/camper.pacificnm.com/module/MenuItem/sql/menu_item.sql
2016-12-14T16:58:31-08:00 INFO (6): Working on moudule Module
2016-12-14T16:58:31-08:00 INFO (6): Install database file: /var/www/html/camper.pacificnm.com/module/Module/sql/module.sql
2016-12-14T16:58:31-08:00 INFO (6): Working on moudule Page
2016-12-14T16:58:31-08:00 INFO (6): Install database file: /var/www/html/camper.pacificnm.com/module/Page/sql/page.sql
2016-12-14T16:58:31-08:00 INFO (6): Working on moudule Solar
2016-12-14T16:58:31-08:00 INFO (6): Working on moudule Update
2016-12-14T16:58:31-08:00 INFO (6): Done with database updates
2016-12-14T16:58:31-08:00 INFO (6): Install ACLS
2016-12-14T16:58:31-08:00 INFO (6): Done installing ACLS
2016-12-14T16:58:31-08:00 INFO (6): Install Pages
2016-12-14T16:58:31-08:00 INFO (6): Install Menu
2016-12-14T16:58:31-08:00 INFO (6): Installed menu item COnfig
2016-12-14T16:58:31-08:00 INFO (6): Installed menu item Cron
2016-12-14T16:58:31-08:00 INFO (6): Installed menu item Module
2016-12-14T16:58:31-08:00 INFO (6): Installed menu item Pages
2016-12-14T16:58:31-08:00 INFO (6): Installed menu item Update
2016-12-14T16:58:31-08:00 INFO (6): Completed Installing Menu
2016-12-14T16:58:31-08:00 INFO (6): Done with module updates
2016-12-14T16:58:31-08:00 INFO (6): Comleted Update at 12/14/2016 04:58 pm
